"../../../../../../SynergyStudios/Mechanics_Testing/v1_0/Content/Blueprints/Switch_Interface.uasset" 0
"../../../../../../SynergyStudios/Mechanics_Testing/v1_0/Content/Yellow.uasset" 1
"../../../Engine/Content/Functions/Engine_MaterialFunctions01/Opacity/CameraDepthFade.uasset" 2
"../../../Engine/Content/EngineMaterials/T_Default_Material_Grid_M.uasset" 3
"../../../Engine/Content/EngineMaterials/T_Default_Material_Grid_N.uasset" 4
"../../../Engine/Content/EngineMaterials/WorldGridMaterial.uasset" 5
"../../../Engine/Content/BasicShapes/Cube.uasset" 6
"../../../../../../SynergyStudios/Mechanics_Testing/v1_0/Content/Blueprints/BeamSwitch_Blueprint.uasset" 7
"../../../../../../SynergyStudios/Mechanics_Testing/v1_0/Content/BeamSwitch_Blueprint.uasset" 8
"../../../Engine/Content/EngineMaterials/BaseFlattenDiffuseMap.uasset" 9
"../../../Engine/Content/EngineMaterials/BaseFlattenEmissiveMap.uasset" 10
"../../../Engine/Content/EngineMaterials/BaseFlattenGrayscaleMap.uasset" 11
"../../../Engine/Content/EngineMaterials/BaseFlattenNormalMap.uasset" 12
"../../../Engine/Content/EngineMaterials/NewBaseFlattenMaterial.uasset" 13
"../../../../../../SynergyStudios/Mechanics_Testing/v1_0/Content/M_Snake_DarkGreen_C7F854484C6B6B8EFB8C048E01CD4C57.uasset" 14
"../../../../../../SynergyStudios/Mechanics_Testing/v1_0/Content/M_Snake_DarkRed_C7F854484C6B6B8EFB8C048E01CD4C57.uasset" 15
"../../../../../../SynergyStudios/Mechanics_Testing/v1_0/Content/M_Snake_LightGreen_C7F854484C6B6B8EFB8C048E01CD4C57.uasset" 16
"../../../../../../SynergyStudios/Mechanics_Testing/v1_0/Content/M_Snake_Purple_C7F854484C6B6B8EFB8C048E01CD4C57.uasset" 17
"../../../../../../SynergyStudios/Mechanics_Testing/v1_0/Content/M_Snake_Red_C7F854484C6B6B8EFB8C048E01CD4C57.uasset" 18
"../../../../../../SynergyStudios/Mechanics_Testing/v1_0/Content/M_Snake_Teeth_C7F854484C6B6B8EFB8C048E01CD4C57.uasset" 19
"../../../../../../SynergyStudios/Mechanics_Testing/v1_0/Content/M_Snake_Yellow_C7F854484C6B6B8EFB8C048E01CD4C57.uasset" 20
"../../../../../../SynergyStudios/Mechanics_Testing/v1_0/Content/Material__26.uasset" 21
"../../../../../../SynergyStudios/Mechanics_Testing/v1_0/Content/Tree_temp_climate_016.uasset" 22
"../../../../../../SynergyStudios/Mechanics_Testing/v1_0/Content/Tree_temp_climate_021.uasset" 23
"../../../../../../SynergyStudios/Mechanics_Testing/v1_0/Content/FXVarietyPack/Materials/M_ky_empty.uasset" 24
"../../../../../../SynergyStudios/Mechanics_Testing/v1_0/Content/FXVarietyPack/Textures/T_ky_flare_a.uasset" 25
"../../../../../../SynergyStudios/Mechanics_Testing/v1_0/Content/FXVarietyPack/Materials/M_ky_flare_flash.uasset" 26
"../../../Engine/Content/Functions/Engine_MaterialFunctions02/Texturing/ScreenAlignedPixelToPixelUVs.uasset" 27
"../../../Engine/Content/EngineMaterials/Good64x64TilingNoiseHighFreq.uasset" 28
"../../../Engine/Content/Functions/Engine_MaterialFunctions02/Utility/DitherTemporalAA.uasset" 29
"../../../../../../SynergyStudios/Mechanics_Testing/v1_0/Content/FXVarietyPack/Textures/T_ky_stone02_2x2.uasset" 30
"../../../../../../SynergyStudios/Mechanics_Testing/v1_0/Content/FXVarietyPack/Materials/M_ky_stone02.uasset" 31
"../../../Engine/Content/Functions/Engine_MaterialFunctions01/Gradient/LinearGradient.uasset" 32
"../../../Engine/Content/Functions/Engine_MaterialFunctions03/Texturing/TwoSidedTexturing.uasset" 33
"../../../Engine/Content/EngineResources/DefaultTexture.uasset" 34
"../../../../../../SynergyStudios/Mechanics_Testing/v1_0/Content/FXVarietyPack/Textures/T_ky_maskRGB3.uasset" 35
"../../../../../../SynergyStudios/Mechanics_Testing/v1_0/Content/FXVarietyPack/Materials/Mfunction/MF_ky_AddHilight.uasset" 36
"../../../../../../SynergyStudios/Mechanics_Testing/v1_0/Content/FXVarietyPack/Materials/Mfunction/MF_ky_MaskToTopUnder.uasset" 37
"../../../../../../SynergyStudios/Mechanics_Testing/v1_0/Content/FXVarietyPack/Textures/T_ky_noise5.uasset" 38
"../../../../../../SynergyStudios/Mechanics_Testing/v1_0/Content/FXVarietyPack/Materials/Mfunction/MF_ky_TexController.uasset" 39
"../../../../../../SynergyStudios/Mechanics_Testing/v1_0/Content/FXVarietyPack/Materials/Mfunction/MF_ky_TexController_primitive.uasset" 40
"../../../../../../SynergyStudios/Mechanics_Testing/v1_0/Content/FXVarietyPack/Textures/T_ky_noise17.uasset" 41
"../../../../../../SynergyStudios/Mechanics_Testing/v1_0/Content/FXVarietyPack/Materials/M_ky_storm01.uasset" 42
"../../../../../../SynergyStudios/Mechanics_Testing/v1_0/Content/FXVarietyPack/Textures/T_ky_noise4.uasset" 43
"../../../../../../SynergyStudios/Mechanics_Testing/v1_0/Content/FXVarietyPack/Textures/T_ky_noise6.uasset" 44
"../../../../../../SynergyStudios/Mechanics_Testing/v1_0/Content/FXVarietyPack/Materials/M_ky_stormDeco01.uasset" 45
"../../../../../../SynergyStudios/Mechanics_Testing/v1_0/Content/FXVarietyPack/Materials/MI_ky_storm01_nonD.uasset" 46
"../../../Engine/Content/Functions/Engine_MaterialFunctions01/Density/ExponentialDensity.uasset" 47
"../../../Engine/Content/Functions/Engine_MaterialFunctions01/Gradient/RadialGradientExponential.uasset" 48
"../../../../../../SynergyStudios/Mechanics_Testing/v1_0/Content/FXVarietyPack/Textures/T_ky_dist_noise.uasset" 49
"../../../../../../SynergyStudios/Mechanics_Testing/v1_0/Content/FXVarietyPack/Textures/T_ky_smoke_kai.uasset" 50
"../../../../../../SynergyStudios/Mechanics_Testing/v1_0/Content/FXVarietyPack/Materials/M_ky_base_turbulence.uasset" 51
"../../../../../../SynergyStudios/Mechanics_Testing/v1_0/Content/FXVarietyPack/Materials/MI_ky_turbulence_smoke2d_trs.uasset" 52
"../../../../../../SynergyStudios/Mechanics_Testing/v1_0/Content/FXVarietyPack/Textures/T_ky_vortex04_4x4.uasset" 53
"../../../../../../SynergyStudios/Mechanics_Testing/v1_0/Content/FXVarietyPack/Materials/M_ky_vortex04_4x4.uasset" 54
"../../../../../../SynergyStudios/Mechanics_Testing/v1_0/Content/FXVarietyPack/Materials/MI_ky_vortex04B_4x4_two.uasset" 55
"../../../../../../SynergyStudios/Mechanics_Testing/v1_0/Content/FXVarietyPack/Meshes/SM_ky_circleDist06.uasset" 56
"../../../../../../SynergyStudios/Mechanics_Testing/v1_0/Content/FXVarietyPack/Meshes/SM_ky_quad_centerRot.uasset" 57
"../../../../../../SynergyStudios/Mechanics_Testing/v1_0/Content/FXVarietyPack/Meshes/SM_ky_tornado07.uasset" 58
"../../../../../../SynergyStudios/Mechanics_Testing/v1_0/Content/FXVarietyPack/Particles/P_ky_storm.uasset" 59
"../../../../../../SynergyStudios/Mechanics_Testing/v1_0/Content/FXVarietyPack/Blueprints/BP_ky_storm.uasset" 60
"../../../../../../SynergyStudios/Mechanics_Testing/v1_0/Content/FXVarietyPack/Materials/M_ky_waterDust02.uasset" 61
"../../../../../../SynergyStudios/Mechanics_Testing/v1_0/Content/FXVarietyPack/Materials/MI_ky_storm01_aqua.uasset" 62
"../../../../../../SynergyStudios/Mechanics_Testing/v1_0/Content/FXVarietyPack/Materials/MI_ky_storm01_aqua_nonD.uasset" 63
"../../../../../../SynergyStudios/Mechanics_Testing/v1_0/Content/FXVarietyPack/Materials/MI_ky_stormDeco01_aqua.uasset" 64
"../../../../../../SynergyStudios/Mechanics_Testing/v1_0/Content/FXVarietyPack/Particles/P_ky_aquaStorm.uasset" 65
"../../../../../../SynergyStudios/Mechanics_Testing/v1_0/Content/FXVarietyPack/Blueprints/BP_ky_aquaStorm.uasset" 66
"../../../../../../SynergyStudios/Mechanics_Testing/v1_0/Content/FXVarietyPack/Textures/T_ky_noise3.uasset" 67
"../../../../../../SynergyStudios/Mechanics_Testing/v1_0/Content/FXVarietyPack/Materials/M_ky_dynDust.uasset" 68
"../../../../../../SynergyStudios/Mechanics_Testing/v1_0/Content/FXVarietyPack/Textures/T_ky_smoke2.uasset" 69
"../../../../../../SynergyStudios/Mechanics_Testing/v1_0/Content/FXVarietyPack/Materials/MI_ky_dynDust.uasset" 70
"../../../../../../SynergyStudios/Mechanics_Testing/v1_0/Content/FXVarietyPack/Materials/MI_ky_storm01_dark.uasset" 71
"../../../../../../SynergyStudios/Mechanics_Testing/v1_0/Content/FXVarietyPack/Materials/MI_ky_storm01_dark_nonD.uasset" 72
"../../../../../../SynergyStudios/Mechanics_Testing/v1_0/Content/FXVarietyPack/Materials/MI_ky_stormDeco01_dark.uasset" 73
"../../../../../../SynergyStudios/Mechanics_Testing/v1_0/Content/FXVarietyPack/Particles/P_ky_darkStorm.uasset" 74
"../../../../../../SynergyStudios/Mechanics_Testing/v1_0/Content/FXVarietyPack/Blueprints/BP_ky_darkStorm.uasset" 75
"../../../../../../SynergyStudios/Mechanics_Testing/v1_0/Content/FXVarietyPack/Materials/Mfunction/MF_ky_VectorToRadialValue.uasset" 76
"../../../../../../SynergyStudios/Mechanics_Testing/v1_0/Content/FXVarietyPack/Textures/T_ky_decoLines.uasset" 77
"../../../../../../SynergyStudios/Mechanics_Testing/v1_0/Content/FXVarietyPack/Textures/T_ky_decoLinesB.uasset" 78
"../../../../../../SynergyStudios/Mechanics_Testing/v1_0/Content/FXVarietyPack/Materials/M_ky_polar.uasset" 79
"../../../../../../SynergyStudios/Mechanics_Testing/v1_0/Content/FXVarietyPack/Materials/MI_ky_polarG_nonD.uasset" 80
"../../../../../../SynergyStudios/Mechanics_Testing/v1_0/Content/FXVarietyPack/Textures/T_ky_bg.uasset" 81
"../../../../../../SynergyStudios/Mechanics_Testing/v1_0/Content/FXVarietyPack/Materials/M_ky_subUV01.uasset" 82
"../../../../../../SynergyStudios/Mechanics_Testing/v1_0/Content/FXVarietyPack/Textures/T_ky_shockwave12_4x4.uasset" 83
"../../../../../../SynergyStudios/Mechanics_Testing/v1_0/Content/FXVarietyPack/Materials/MI_ky_shockwave12_4x4.uasset" 84
"../../../../../../SynergyStudios/Mechanics_Testing/v1_0/Content/FXVarietyPack/Particles/P_ky_hit2.uasset" 85
"../../../../../../SynergyStudios/Mechanics_Testing/v1_0/Content/FXVarietyPack/Blueprints/BP_ky_hit2.uasset" 86
"../../../../../../SynergyStudios/Mechanics_Testing/v1_0/Content/FXVarietyPack/Textures/T_ky_smoke1.uasset" 87
"../../../../../../SynergyStudios/Mechanics_Testing/v1_0/Content/FXVarietyPack/Materials/M_ky_smoke01.uasset" 88
"../../../../../../SynergyStudios/Mechanics_Testing/v1_0/Content/FXVarietyPack/Materials/MI_ky_flare_flash_trs.uasset" 89
"../../../../../../SynergyStudios/Mechanics_Testing/v1_0/Content/FXVarietyPack/Materials/MI_ky_polar_two.uasset" 90
"../../../Engine/Content/Functions/Engine_MaterialFunctions02/Fresnel_Function.uasset" 91
"../../../../../../SynergyStudios/Mechanics_Testing/v1_0/Content/FXVarietyPack/Materials/M_ky_primitive.uasset" 92
"../../../../../../SynergyStudios/Mechanics_Testing/v1_0/Content/FXVarietyPack/Materials/MI_ky_primitive2b_trs.uasset" 93
"../../../../../../SynergyStudios/Mechanics_Testing/v1_0/Content/FXVarietyPack/Materials/M_ky_primitive_dyn2.uasset" 94
"../../../../../../SynergyStudios/Mechanics_Testing/v1_0/Content/FXVarietyPack/Materials/MI_ky_primitive_dynB_two.uasset" 95
"../../../../../../SynergyStudios/Mechanics_Testing/v1_0/Content/FXVarietyPack/Particles/P_ky_explosion.uasset" 96
"../../../../../../SynergyStudios/Mechanics_Testing/v1_0/Content/FXVarietyPack/Blueprints/BP_ky_explosion.uasset" 97
"../../../../../../SynergyStudios/Mechanics_Testing/v1_0/Content/FXVarietyPack/Materials/MI_ky_storm01_fire.uasset" 98
"../../../../../../SynergyStudios/Mechanics_Testing/v1_0/Content/FXVarietyPack/Materials/MI_ky_storm01_fire_nonD1.uasset" 99
"../../../../../../SynergyStudios/Mechanics_Testing/v1_0/Content/FXVarietyPack/Materials/MI_ky_stormDeco01_fire.uasset" 100
"../../../../../../SynergyStudios/Mechanics_Testing/v1_0/Content/FXVarietyPack/Particles/P_ky_fireStorm.uasset" 101
"../../../../../../SynergyStudios/Mechanics_Testing/v1_0/Content/FXVarietyPack/Blueprints/BP_ky_fireStorm.uasset" 102
"../../../../../../SynergyStudios/Mechanics_Testing/v1_0/Content/FXVarietyPack/Materials/Mfunction/MF_ky_UVcontrol_4x4.uasset" 103
"../../../../../../SynergyStudios/Mechanics_Testing/v1_0/Content/FXVarietyPack/Textures/T_ky_dust01_4x4.uasset" 104
"../../../../../../SynergyStudios/Mechanics_Testing/v1_0/Content/FXVarietyPack/Materials/M_ky_dust01_4x4.uasset" 105
"../../../../../../SynergyStudios/Mechanics_Testing/v1_0/Content/FXVarietyPack/Textures/T_ky_aura011_4x4.uasset" 106
"../../../../../../SynergyStudios/Mechanics_Testing/v1_0/Content/FXVarietyPack/Materials/MI_ky_aura011_4x4.uasset" 107
"../../../../../../SynergyStudios/Mechanics_Testing/v1_0/Content/FXVarietyPack/Materials/MI_ky_aura011_4x4_nonD.uasset" 108
"../../../../../../SynergyStudios/Mechanics_Testing/v1_0/Content/FXVarietyPack/Textures/T_ky_noise13_sml_nor.uasset" 109
"../../../../../../SynergyStudios/Mechanics_Testing/v1_0/Content/FXVarietyPack/Textures/T_ky_smoke03.uasset" 110
"../../../../../../SynergyStudios/Mechanics_Testing/v1_0/Content/FXVarietyPack/Materials/M_ky_auraWall02.uasset" 111
"../../../../../../SynergyStudios/Mechanics_Testing/v1_0/Content/FXVarietyPack/Materials/MI_ky_auraWall02_two.uasset" 112
"../../../../../../SynergyStudios/Mechanics_Testing/v1_0/Content/FXVarietyPack/Textures/T_ky_auraWallWhite_4x4.uasset" 113
"../../../../../../SynergyStudios/Mechanics_Testing/v1_0/Content/FXVarietyPack/Textures/T_ky_maskCircle.uasset" 114
"../../../../../../SynergyStudios/Mechanics_Testing/v1_0/Content/FXVarietyPack/Materials/M_ky_base_anime.uasset" 115
"../../../../../../SynergyStudios/Mechanics_Testing/v1_0/Content/FXVarietyPack/Textures/T_ky_circle9_4x4.uasset" 116
"../../../../../../SynergyStudios/Mechanics_Testing/v1_0/Content/FXVarietyPack/Materials/MI_ky_circle9_4x4c2.uasset" 117
"../../../../../../SynergyStudios/Mechanics_Testing/v1_0/Content/FXVarietyPack/Materials/MI_ky_primitive_dynB_nonD.uasset" 118
"../../../Engine/Content/Functions/Engine_MaterialFunctions01/Gradient/DiamondGradient.uasset" 119
"../../../Engine/Content/EngineMaterials/BlendFunc_DefBase.uasset" 120
"../../../Engine/Content/EngineMaterials/BlendFunc_DefBlend.uasset" 121
"../../../Engine/Content/Functions/Engine_MaterialFunctions03/Blends/Blend_Screen.uasset" 122
"../../../../../../SynergyStudios/Mechanics_Testing/v1_0/Content/FXVarietyPack/Textures/T_ky_dust_longStar.uasset" 123
"../../../../../../SynergyStudios/Mechanics_Testing/v1_0/Content/FXVarietyPack/Materials/M_ky_starDust.uasset" 124
"../../../../../../SynergyStudios/Mechanics_Testing/v1_0/Content/FXVarietyPack/Materials/MI_ky_starDust_dis.uasset" 125
"../../../../../../SynergyStudios/Mechanics_Testing/v1_0/Content/FXVarietyPack/Meshes/SM_ky_auraWall_distB_kai.uasset" 126
"../../../../../../SynergyStudios/Mechanics_Testing/v1_0/Content/FXVarietyPack/Meshes/SM_ky_cylinder_lowPoly_dist.uasset" 127
"../../../../../../SynergyStudios/Mechanics_Testing/v1_0/Content/FXVarietyPack/Meshes/SM_ky_cylinder_superLow.uasset" 128
"../../../../../../SynergyStudios/Mechanics_Testing/v1_0/Content/FXVarietyPack/Particles/P_ky_healAura.uasset" 129
"../../../../../../SynergyStudios/Mechanics_Testing/v1_0/Content/FXVarietyPack/Blueprints/BP_ky_healAura.uasset" 130
"../../../../../../SynergyStudios/Mechanics_Testing/v1_0/Content/FXVarietyPack/Textures/T_ky_bg_LC.uasset" 131
"../../../../../../SynergyStudios/Mechanics_Testing/v1_0/Content/FXVarietyPack/Materials/M_ky_subUV_dynRGB.uasset" 132
"../../../../../../SynergyStudios/Mechanics_Testing/v1_0/Content/FXVarietyPack/Textures/T_ky_lightning02_4x4.uasset" 133
"../../../../../../SynergyStudios/Mechanics_Testing/v1_0/Content/FXVarietyPack/Materials/MI_ky_lightning02_4x4.uasset" 134
"../../../../../../SynergyStudios/Mechanics_Testing/v1_0/Content/FXVarietyPack/Textures/T_ky_lightningDust01_4x4.uasset" 135
"../../../../../../SynergyStudios/Mechanics_Testing/v1_0/Content/FXVarietyPack/Materials/MI_ky_lightningDust01_4x4_nonD.uasset" 136
"../../../../../../SynergyStudios/Mechanics_Testing/v1_0/Content/FXVarietyPack/Textures/T_ky_flareVertical02.uasset" 137
"../../../../../../SynergyStudios/Mechanics_Testing/v1_0/Content/FXVarietyPack/Materials/M_ky_flare01_primitive.uasset" 138
"../../../../../../SynergyStudios/Mechanics_Testing/v1_0/Content/FXVarietyPack/Textures/T_ky_shine01_4x4.uasset" 139
"../../../../../../SynergyStudios/Mechanics_Testing/v1_0/Content/FXVarietyPack/Materials/MI_ky_shine01R_nonD.uasset" 140
"../../../../../../SynergyStudios/Mechanics_Testing/v1_0/Content/FXVarietyPack/Particles/P_ky_lightning1.uasset" 141
"../../../../../../SynergyStudios/Mechanics_Testing/v1_0/Content/FXVarietyPack/Blueprints/BP_ky_lightning1.uasset" 142
"../../../../../../SynergyStudios/Mechanics_Testing/v1_0/Content/FXVarietyPack/Textures/T_ky_flare25_4x4.uasset" 143
"../../../../../../SynergyStudios/Mechanics_Testing/v1_0/Content/FXVarietyPack/Materials/MI_ky_flare25_4x4.uasset" 144
"../../../../../../SynergyStudios/Mechanics_Testing/v1_0/Content/FXVarietyPack/Particles/P_ky_hit1.uasset" 145
"../../../../../../SynergyStudios/Mechanics_Testing/v1_0/Content/FXVarietyPack/Blueprints/BP_ky_hit1.uasset" 146
"../../../../../../SynergyStudios/Mechanics_Testing/v1_0/Content/FXVarietyPack/Textures/T_ky_deco_doom.uasset" 147
"../../../../../../SynergyStudios/Mechanics_Testing/v1_0/Content/FXVarietyPack/Materials/M_ky_laser01.uasset" 148
"../../../../../../SynergyStudios/Mechanics_Testing/v1_0/Content/FXVarietyPack/Materials/MI_ky_shine01R.uasset" 149
"../../../../../../SynergyStudios/Mechanics_Testing/v1_0/Content/FXVarietyPack/Materials/MI_ky_starDust_sq.uasset" 150
"../../../../../../SynergyStudios/Mechanics_Testing/v1_0/Content/FXVarietyPack/Particles/P_ky_laser01.uasset" 151
"../../../../../../SynergyStudios/Mechanics_Testing/v1_0/Content/FXVarietyPack/Blueprints/BP_ky_laser01.uasset" 152
"../../../../../../SynergyStudios/Mechanics_Testing/v1_0/Content/FXVarietyPack/Particles/P_ky_lightning2.uasset" 153
"../../../../../../SynergyStudios/Mechanics_Testing/v1_0/Content/FXVarietyPack/Blueprints/BP_ky_lightning2.uasset" 154
"../../../../../../SynergyStudios/Mechanics_Testing/v1_0/Content/FXVarietyPack/Materials/MI_ky_dynDust2.uasset" 155
"../../../../../../SynergyStudios/Mechanics_Testing/v1_0/Content/FXVarietyPack/Particles/P_ky_lightning3.uasset" 156
"../../../../../../SynergyStudios/Mechanics_Testing/v1_0/Content/FXVarietyPack/Blueprints/BP_ky_lightning3.uasset" 157
"../../../../../../SynergyStudios/Mechanics_Testing/v1_0/Content/FXVarietyPack/Materials/M_ky_polar_primitive.uasset" 158
"../../../../../../SynergyStudios/Mechanics_Testing/v1_0/Content/FXVarietyPack/Textures/T_ky_deco_rainbow.uasset" 159
"../../../../../../SynergyStudios/Mechanics_Testing/v1_0/Content/FXVarietyPack/Materials/M_ky_trail_primitive.uasset" 160
"../../../../../../SynergyStudios/Mechanics_Testing/v1_0/Content/FXVarietyPack/Materials/M_ky_subUV03.uasset" 161
"../../../../../../SynergyStudios/Mechanics_Testing/v1_0/Content/FXVarietyPack/Textures/T_ky_flareVertical03_4x4.uasset" 162
"../../../../../../SynergyStudios/Mechanics_Testing/v1_0/Content/FXVarietyPack/Materials/MI_ky_flareVertical03b_4x4.uasset" 163
"../../../../../../SynergyStudios/Mechanics_Testing/v1_0/Content/FXVarietyPack/Materials/MI_ky_shine01B.uasset" 164
"../../../../../../SynergyStudios/Mechanics_Testing/v1_0/Content/FXVarietyPack/Textures/T_ky_shockwave10_4x4.uasset" 165
"../../../../../../SynergyStudios/Mechanics_Testing/v1_0/Content/FXVarietyPack/Materials/MI_ky_shockwave10R_4x4_nonD.uasset" 166
"../../../../../../SynergyStudios/Mechanics_Testing/v1_0/Content/FXVarietyPack/Particles/P_ky_shootingStar1.uasset" 167
"../../../../../../SynergyStudios/Mechanics_Testing/v1_0/Content/FXVarietyPack/Blueprints/BP_ky_shootingStar1.uasset" 168
"../../../../../../SynergyStudios/Mechanics_Testing/v1_0/Content/FXVarietyPack/Particles/P_ky_fireBall.uasset" 169
"../../../../../../SynergyStudios/Mechanics_Testing/v1_0/Content/FXVarietyPack/Textures/T_ky_flare3.uasset" 170
"../../../../../../SynergyStudios/Mechanics_Testing/v1_0/Content/FXVarietyPack/Textures/T_ky_maskRGB5.uasset" 171
"../../../../../../SynergyStudios/Mechanics_Testing/v1_0/Content/FXVarietyPack/Materials/M_ky_flarePillar.uasset" 172
"../../../../../../SynergyStudios/Mechanics_Testing/v1_0/Content/FXVarietyPack/Textures/T_ky_flareVert.uasset" 173
"../../../../../../SynergyStudios/Mechanics_Testing/v1_0/Content/FXVarietyPack/Materials/M_ky_flareVert.uasset" 174
"../../../../../../SynergyStudios/Mechanics_Testing/v1_0/Content/FXVarietyPack/Materials/M_ky_aura9.uasset" 175
"../../../../../../SynergyStudios/Mechanics_Testing/v1_0/Content/FXVarietyPack/Materials/MI_ky_aura9.uasset" 176
"../../../../../../SynergyStudios/Mechanics_Testing/v1_0/Content/FXVarietyPack/Materials/MI_ky_polarC_two.uasset" 177
"../../../../../../SynergyStudios/Mechanics_Testing/v1_0/Content/FXVarietyPack/Meshes/SM_ky_planeBend.uasset" 178
"../../../../../../SynergyStudios/Mechanics_Testing/v1_0/Content/FXVarietyPack/Meshes/SM_ky_quads.uasset" 179
"../../../../../../SynergyStudios/Mechanics_Testing/v1_0/Content/FXVarietyPack/Meshes/SM_ky_windSmokeVertRot.uasset" 180
"../../../../../../SynergyStudios/Mechanics_Testing/v1_0/Content/FXVarietyPack/Particles/P_ky_shotShockwave.uasset" 181
"../../../../../../SynergyStudios/Mechanics_Testing/v1_0/Content/FXVarietyPack/Blueprints/BP_ky_fireBall.uasset" 182
"../../../../../../SynergyStudios/Mechanics_Testing/v1_0/Content/FXVarietyPack/Blueprints/BP_ky_shotSpawn.uasset" 183
"../../../../../../SynergyStudios/Mechanics_Testing/v1_0/Content/FXVarietyPack/Materials/MI_ky_smoke01.uasset" 184
"../../../../../../SynergyStudios/Mechanics_Testing/v1_0/Content/FXVarietyPack/Materials/MI_ky_smoke01b.uasset" 185
"../../../../../../SynergyStudios/Mechanics_Testing/v1_0/Content/FXVarietyPack/Particles/P_ky_thunderBall.uasset" 186
"../../../../../../SynergyStudios/Mechanics_Testing/v1_0/Content/FXVarietyPack/Particles/P_ky_ThunderBallHit.uasset" 187
"../../../../../../SynergyStudios/Mechanics_Testing/v1_0/Content/FXVarietyPack/Blueprints/BP_ky_thunderBall.uasset" 188
"../../../../../../SynergyStudios/Mechanics_Testing/v1_0/Content/FXVarietyPack/Blueprints/BP_ky_ThunderBallHit.uasset" 189
"../../../../../../SynergyStudios/Mechanics_Testing/v1_0/Content/FXVarietyPack/Materials/M_ky_thunderForBeam.uasset" 190
"../../../../../../SynergyStudios/Mechanics_Testing/v1_0/Content/FXVarietyPack/Textures/T_ky_shockWave03_4x4.uasset" 191
"../../../../../../SynergyStudios/Mechanics_Testing/v1_0/Content/FXVarietyPack/Materials/M_ky_shockWave03_4x4.uasset" 192
"../../../../../../SynergyStudios/Mechanics_Testing/v1_0/Content/FXVarietyPack/Materials/MI_ky_shockWave03g_4x4.uasset" 193
"../../../../../../SynergyStudios/Mechanics_Testing/v1_0/Content/FXVarietyPack/Materials/MI_ky_storm01_thunder.uasset" 194
"../../../../../../SynergyStudios/Mechanics_Testing/v1_0/Content/FXVarietyPack/Materials/MI_ky_storm01_thunder_nonD.uasset" 195
"../../../../../../SynergyStudios/Mechanics_Testing/v1_0/Content/FXVarietyPack/Particles/P_ky_thunderStorm.uasset" 196
"../../../../../../SynergyStudios/Mechanics_Testing/v1_0/Content/FXVarietyPack/Blueprints/BP_ky_thunderStorm.uasset" 197
"../../../../../../SynergyStudios/Mechanics_Testing/v1_0/Content/FXVarietyPack/Materials/MI_ky_smoke01c.uasset" 198
"../../../../../../SynergyStudios/Mechanics_Testing/v1_0/Content/FXVarietyPack/Particles/P_ky_waterBall.uasset" 199
"../../../../../../SynergyStudios/Mechanics_Testing/v1_0/Content/FXVarietyPack/Particles/P_ky_waterBallHit.uasset" 200
"../../../../../../SynergyStudios/Mechanics_Testing/v1_0/Content/FXVarietyPack/Blueprints/BP_ky_waterBall.uasset" 201
"../../../../../../SynergyStudios/Mechanics_Testing/v1_0/Content/FXVarietyPack/Blueprints/BP_ky_waterBallHit.uasset" 202
"../../../../../../SynergyStudios/Mechanics_Testing/v1_0/Content/Mannequin/Character/Mesh/UE4_Mannequin_Skeleton.uasset" 203
"../../../../../../SynergyStudios/Mechanics_Testing/v1_0/Content/Mannequin/Animations/ThirdPersonJump_End.uasset" 204
"../../../../../../SynergyStudios/Mechanics_Testing/v1_0/Content/Mannequin/Animations/ThirdPersonPush.uasset" 205
"../../../../../../SynergyStudios/Mechanics_Testing/v1_0/Content/Mannequin/Animations/UE4_Mannequin_Skeleton_Sequence.uasset" 206
"../../../../../../SynergyStudios/Mechanics_Testing/v1_0/Content/Meshes/Pine_02.uasset" 207
"../../../../../../SynergyStudios/Mechanics_Testing/v1_0/Content/MouseCharacter/T-Pose_Skeleton.uasset" 208
"../../../../../../SynergyStudios/Mechanics_Testing/v1_0/Content/MouseCharacter/T-Pose_Anim_mixamo_com.uasset" 209
"../../../../../../SynergyStudios/Mechanics_Testing/v1_0/Content/MouseCharacter/T-Pose_Anim_Take_001.uasset" 210
"../../../../../../SynergyStudios/Mechanics_Testing/v1_0/Content/MouseCharacter/Animation/Idle_Anim_mixamo_com.uasset" 211
"../../../../../../SynergyStudios/Mechanics_Testing/v1_0/Content/MouseCharacter/Animation/Running_Anim_mixamo_com.uasset" 212
"../../../../../../SynergyStudios/Mechanics_Testing/v1_0/Content/MouseCharacter/Animation/Walking_Anim_mixamo_com.uasset" 213
"../../../../../../SynergyStudios/Mechanics_Testing/v1_0/Content/MouseCharacter/T-Pose_BS.uasset" 214
"../../../../../../SynergyStudios/Mechanics_Testing/v1_0/Content/MouseCharacter/Animation/Ch14_1001_Diffuse.uasset" 215
"../../../../../../SynergyStudios/Mechanics_Testing/v1_0/Content/MouseCharacter/Animation/Ch14_1001_Glossiness.uasset" 216
"../../../../../../SynergyStudios/Mechanics_Testing/v1_0/Content/MouseCharacter/Animation/Ch14_1001_Normal.uasset" 217
"../../../../../../SynergyStudios/Mechanics_Testing/v1_0/Content/MouseCharacter/Animation/Ch14_1001_Specular.uasset" 218
"../../../../../../SynergyStudios/Mechanics_Testing/v1_0/Content/MouseCharacter/Animation/Ch14_Body.uasset" 219
"../../../../../../SynergyStudios/Mechanics_Testing/v1_0/Content/MouseCharacter/Animation/Idle_PhysicsAsset.uasset" 220
"../../../../../../SynergyStudios/Mechanics_Testing/v1_0/Content/MouseCharacter/Animation/Idle.uasset" 221
"../../../../../../SynergyStudios/Mechanics_Testing/v1_0/Content/MouseCharacter/Animation/Idle_Anim_Take_001.uasset" 222
"../../../../../../SynergyStudios/Mechanics_Testing/v1_0/Content/MouseCharacter/Animation/Jump_PhysicsAsset.uasset" 223
"../../../../../../SynergyStudios/Mechanics_Testing/v1_0/Content/MouseCharacter/Animation/Jump.uasset" 224
"../../../../../../SynergyStudios/Mechanics_Testing/v1_0/Content/MouseCharacter/Animation/Jumping_Up_PhysicsAsset.uasset" 225
"../../../../../../SynergyStudios/Mechanics_Testing/v1_0/Content/MouseCharacter/Animation/Jumping_Up.uasset" 226
"../../../../../../SynergyStudios/Mechanics_Testing/v1_0/Content/MouseCharacter/Animation/Jumping_Up_Anim_mixamo_com.uasset" 227
"../../../../../../SynergyStudios/Mechanics_Testing/v1_0/Content/MouseCharacter/Animation/Jumping_Up_Anim_Take_001.uasset" 228
"../../../../../../SynergyStudios/Mechanics_Testing/v1_0/Content/MouseCharacter/Animation/Jump_Anim_Take_001.uasset" 229
"../../../../../../SynergyStudios/Mechanics_Testing/v1_0/Content/MouseCharacter/Animation/Pushing_PhysicsAsset.uasset" 230
"../../../../../../SynergyStudios/Mechanics_Testing/v1_0/Content/MouseCharacter/Animation/Pushing.uasset" 231
"../../../../../../SynergyStudios/Mechanics_Testing/v1_0/Content/MouseCharacter/Animation/PushingInPlace_PhysicsAsset.uasset" 232
"../../../../../../SynergyStudios/Mechanics_Testing/v1_0/Content/MouseCharacter/Animation/PushingInPlace.uasset" 233
"../../../../../../SynergyStudios/Mechanics_Testing/v1_0/Content/MouseCharacter/Animation/PushingInPlace_Anim_Take_001.uasset" 234
"../../../../../../SynergyStudios/Mechanics_Testing/v1_0/Content/MouseCharacter/Animation/Pushing_Anim_mixamo_com.uasset" 235
"../../../../../../SynergyStudios/Mechanics_Testing/v1_0/Content/MouseCharacter/Animation/Pushing_Anim_Take_001.uasset" 236
"../../../../../../SynergyStudios/Mechanics_Testing/v1_0/Content/MouseCharacter/Animation/Push_Start_PhysicsAsset.uasset" 237
"../../../../../../SynergyStudios/Mechanics_Testing/v1_0/Content/MouseCharacter/Animation/Push_Start.uasset" 238
"../../../../../../SynergyStudios/Mechanics_Testing/v1_0/Content/MouseCharacter/Animation/Push_Start_Anim_mixamo_com.uasset" 239
"../../../../../../SynergyStudios/Mechanics_Testing/v1_0/Content/MouseCharacter/Animation/Push_Start_Anim_Take_001.uasset" 240
"../../../../../../SynergyStudios/Mechanics_Testing/v1_0/Content/MouseCharacter/Animation/Push_Stop_PhysicsAsset.uasset" 241
"../../../../../../SynergyStudios/Mechanics_Testing/v1_0/Content/MouseCharacter/Animation/Push_Stop.uasset" 242
"../../../../../../SynergyStudios/Mechanics_Testing/v1_0/Content/MouseCharacter/Animation/Push_Stop_Anim_mixamo_com.uasset" 243
"../../../../../../SynergyStudios/Mechanics_Testing/v1_0/Content/MouseCharacter/Animation/Push_Stop_Anim_Take_001.uasset" 244
"../../../../../../SynergyStudios/Mechanics_Testing/v1_0/Content/MouseCharacter/Animation/Running_PhysicsAsset.uasset" 245
"../../../../../../SynergyStudios/Mechanics_Testing/v1_0/Content/MouseCharacter/Animation/Running.uasset" 246
"../../../../../../SynergyStudios/Mechanics_Testing/v1_0/Content/MouseCharacter/Animation/Running_Anim_Take_001.uasset" 247
"../../../../../../SynergyStudios/Mechanics_Testing/v1_0/Content/MouseCharacter/Animation/Walking_PhysicsAsset.uasset" 248
"../../../../../../SynergyStudios/Mechanics_Testing/v1_0/Content/MouseCharacter/Animation/Walking.uasset" 249
"../../../../../../SynergyStudios/Mechanics_Testing/v1_0/Content/MouseCharacter/Animation/Walking_Anim_Take_001.uasset" 250
"../../../../../../SynergyStudios/Mechanics_Testing/v1_0/Content/StarterContent/Materials/M_Basic_Wall.uasset" 251
"../../../../../../SynergyStudios/Mechanics_Testing/v1_0/Content/StarterContent/Architecture/Pillar_50x500.uasset" 252
"../../../../../../SynergyStudios/Mechanics_Testing/v1_0/Content/StarterContent/Materials/M_AssetPlatform.uasset" 253
"../../../../../../SynergyStudios/Mechanics_Testing/v1_0/Content/StarterContent/Architecture/SM_AssetPlatform.uasset" 254
"../../../../../../SynergyStudios/Mechanics_Testing/v1_0/Content/StarterContent/Architecture/Wall_400x200.uasset" 255
"../../../../../../SynergyStudios/Mechanics_Testing/v1_0/Content/StarterContent/Architecture/Wall_400x300.uasset" 256
"../../../../../../SynergyStudios/Mechanics_Testing/v1_0/Content/StarterContent/Architecture/Wall_400x400.uasset" 257
"../../../../../../SynergyStudios/Mechanics_Testing/v1_0/Content/StarterContent/Architecture/Wall_500x500.uasset" 258
"../../../../../../SynergyStudios/Mechanics_Testing/v1_0/Content/StarterContent/Architecture/Wall_Door_400x300.uasset" 259
"../../../../../../SynergyStudios/Mechanics_Testing/v1_0/Content/StarterContent/Architecture/Wall_Door_400x400.uasset" 260
"../../../../../../SynergyStudios/Mechanics_Testing/v1_0/Content/StarterContent/Architecture/Wall_Window_400x300.uasset" 261
"../../../../../../SynergyStudios/Mechanics_Testing/v1_0/Content/StarterContent/Architecture/Wall_Window_400x400.uasset" 262
"../../../../../../SynergyStudios/Mechanics_Testing/v1_0/Content/StarterContent/Audio/Collapse01.uasset" 263
"../../../../../../SynergyStudios/Mechanics_Testing/v1_0/Content/StarterContent/Audio/Collapse02.uasset" 264
"../../../../../../SynergyStudios/Mechanics_Testing/v1_0/Content/StarterContent/Audio/Collapse_Cue.uasset" 265
"../../../../../../SynergyStudios/Mechanics_Testing/v1_0/Content/StarterContent/Audio/Explosion01.uasset" 266
"../../../../../../SynergyStudios/Mechanics_Testing/v1_0/Content/StarterContent/Audio/Explosion02.uasset" 267
"../../../../../../SynergyStudios/Mechanics_Testing/v1_0/Content/StarterContent/Audio/Fire01.uasset" 268
"../../../../../../SynergyStudios/Mechanics_Testing/v1_0/Content/StarterContent/Audio/Fire_Sparks01.uasset" 269
"../../../../../../SynergyStudios/Mechanics_Testing/v1_0/Content/StarterContent/Audio/Light01.uasset" 270
"../../../../../../SynergyStudios/Mechanics_Testing/v1_0/Content/StarterContent/Audio/Light01_Cue.uasset" 271
"../../../../../../SynergyStudios/Mechanics_Testing/v1_0/Content/StarterContent/Audio/Light02.uasset" 272
"../../../../../../SynergyStudios/Mechanics_Testing/v1_0/Content/StarterContent/Audio/Light02_Cue.uasset" 273
"../../../../../../SynergyStudios/Mechanics_Testing/v1_0/Content/StarterContent/Audio/Smoke01.uasset" 274
"../../../../../../SynergyStudios/Mechanics_Testing/v1_0/Content/StarterContent/Audio/Starter_Birds01.uasset" 275
"../../../../../../SynergyStudios/Mechanics_Testing/v1_0/Content/StarterContent/Audio/Starter_Music01.uasset" 276
"../../../../../../SynergyStudios/Mechanics_Testing/v1_0/Content/StarterContent/Audio/Starter_Music_Cue.uasset" 277
"../../../../../../SynergyStudios/Mechanics_Testing/v1_0/Content/StarterContent/Audio/Starter_Wind05.uasset" 278
"../../../../../../SynergyStudios/Mechanics_Testing/v1_0/Content/StarterContent/Audio/Starter_Wind06.uasset" 279
"../../../../../../SynergyStudios/Mechanics_Testing/v1_0/Content/StarterContent/Audio/Steam01.uasset" 280
"../../../../../../SynergyStudios/Mechanics_Testing/v1_0/Content/StarterContent/Textures/T_Lamp_M.uasset" 281
"../../../../../../SynergyStudios/Mechanics_Testing/v1_0/Content/StarterContent/Textures/T_Lamp_N.uasset" 282
"../../../../../../SynergyStudios/Mechanics_Testing/v1_0/Content/StarterContent/Props/Materials/M_Lamp.uasset" 283
"../../../../../../SynergyStudios/Mechanics_Testing/v1_0/Content/StarterContent/Props/SM_Lamp_Ceiling.uasset" 284
"../../../../../../SynergyStudios/Mechanics_Testing/v1_0/Content/StarterContent/Blueprints/Blueprint_CeilingLight.uasset" 285
"../../../../../../SynergyStudios/Mechanics_Testing/v1_0/Content/StarterContent/Audio/Explosion_Cue.uasset" 286
"../../../../../../SynergyStudios/Mechanics_Testing/v1_0/Content/StarterContent/Textures/T_Burst_M.uasset" 287
"../../../../../../SynergyStudios/Mechanics_Testing/v1_0/Content/StarterContent/Particles/Materials/M_Burst.uasset" 288
"../../../../../../SynergyStudios/Mechanics_Testing/v1_0/Content/StarterContent/Textures/T_Explosion_SubUV.uasset" 289
"../../../../../../SynergyStudios/Mechanics_Testing/v1_0/Content/StarterContent/Particles/Materials/M_explosion_subUV.uasset" 290
"../../../../../../SynergyStudios/Mechanics_Testing/v1_0/Content/StarterContent/Particles/Materials/m_flare_01.uasset" 291
"../../../Engine/Content/Functions/Engine_MaterialFunctions01/Gradient/RadialGradient.uasset" 292
"../../../../../../SynergyStudios/Mechanics_Testing/v1_0/Content/StarterContent/Particles/Materials/M_radial_ramp.uasset" 293
"../../../../../../SynergyStudios/Mechanics_Testing/v1_0/Content/StarterContent/Textures/T_Smoke_SubUV.uasset" 294
"../../../../../../SynergyStudios/Mechanics_Testing/v1_0/Content/StarterContent/Textures/T_Smoke_Tiled_D.uasset" 295
"../../../../../../SynergyStudios/Mechanics_Testing/v1_0/Content/StarterContent/Particles/Materials/M_smoke_subUV.uasset" 296
"../../../../../../SynergyStudios/Mechanics_Testing/v1_0/Content/StarterContent/Particles/P_Explosion.uasset" 297
"../../../../../../SynergyStudios/Mechanics_Testing/v1_0/Content/StarterContent/Blueprints/Blueprint_Effect_Explosion.uasset" 298
"../../../../../../SynergyStudios/Mechanics_Testing/v1_0/Content/StarterContent/Audio/Fire01_Cue.uasset" 299
"../../../../../../SynergyStudios/Mechanics_Testing/v1_0/Content/StarterContent/Textures/T_Fire_SubUV.uasset" 300
"../../../../../../SynergyStudios/Mechanics_Testing/v1_0/Content/StarterContent/Textures/T_Fire_Tiled_D.uasset" 301
"../../../../../../SynergyStudios/Mechanics_Testing/v1_0/Content/StarterContent/Particles/Materials/M_Fire_SubUV.uasset" 302
"../../../../../../SynergyStudios/Mechanics_Testing/v1_0/Content/StarterContent/Textures/T_Water_N.uasset" 303
"../../../../../../SynergyStudios/Mechanics_Testing/v1_0/Content/StarterContent/Particles/Materials/M_Heat_Distortion.uasset" 304
"../../../../../../SynergyStudios/Mechanics_Testing/v1_0/Content/StarterContent/Particles/Materials/M_Radial_Gradient.uasset" 305
"../../../../../../SynergyStudios/Mechanics_Testing/v1_0/Content/StarterContent/Particles/P_Fire.uasset" 306
"../../../../../../SynergyStudios/Mechanics_Testing/v1_0/Content/StarterContent/Blueprints/Blueprint_Effect_Fire.uasset" 307
"../../../../../../SynergyStudios/Mechanics_Testing/v1_0/Content/StarterContent/Audio/Smoke01_Cue.uasset" 308
"../../../../../../SynergyStudios/Mechanics_Testing/v1_0/Content/StarterContent/Particles/P_Smoke.uasset" 309
"../../../../../../SynergyStudios/Mechanics_Testing/v1_0/Content/StarterContent/Blueprints/Blueprint_Effect_Smoke.uasset" 310
"../../../../../../SynergyStudios/Mechanics_Testing/v1_0/Content/StarterContent/Audio/Fire_Sparks01_Cue.uasset" 311
"../../../../../../SynergyStudios/Mechanics_Testing/v1_0/Content/StarterContent/Textures/T_Spark_Core.uasset" 312
"../../../../../../SynergyStudios/Mechanics_Testing/v1_0/Content/StarterContent/Particles/Materials/M_Spark.uasset" 313
"../../../../../../SynergyStudios/Mechanics_Testing/v1_0/Content/StarterContent/Particles/P_Sparks.uasset" 314
"../../../../../../SynergyStudios/Mechanics_Testing/v1_0/Content/StarterContent/Blueprints/Blueprint_Effect_Sparks.uasset" 315
"../../../../../../SynergyStudios/Mechanics_Testing/v1_0/Content/StarterContent/Audio/Steam01_Cue.uasset" 316
"../../../../../../SynergyStudios/Mechanics_Testing/v1_0/Content/StarterContent/Particles/P_Steam_Lit.uasset" 317
"../../../../../../SynergyStudios/Mechanics_Testing/v1_0/Content/StarterContent/Blueprints/Blueprint_Effect_Steam.uasset" 318
"../../../../../../SynergyStudios/Mechanics_Testing/v1_0/Content/StarterContent/Props/SM_Lamp_Wall.uasset" 319
"../../../../../../SynergyStudios/Mechanics_Testing/v1_0/Content/StarterContent/Blueprints/Blueprint_WallSconce.uasset" 320
"../../../../../../SynergyStudios/Mechanics_Testing/v1_0/Content/StarterContent/Blueprints/Assets/FogBrightnessLUT.uasset" 321
"../../../../../../SynergyStudios/Mechanics_Testing/v1_0/Content/StarterContent/Blueprints/Assets/SunlightColorLUT.uasset" 322
"../../../../../../SynergyStudios/Mechanics_Testing/v1_0/Content/StarterContent/Blueprints/Assets/M_LightStage_Arrows.uasset" 323
"../../../Engine/Content/MapTemplates/Sky/DaylightAmbientCubemap.uasset" 324
"../../../../../../SynergyStudios/Mechanics_Testing/v1_0/Content/StarterContent/Blueprints/Assets/M_LightStage_Skybox_Master.uasset" 325
"../../../../../../SynergyStudios/Mechanics_Testing/v1_0/Content/StarterContent/Blueprints/Assets/M_LightStage_Skybox_Black.uasset" 326
"../../../../../../SynergyStudios/Mechanics_Testing/v1_0/Content/StarterContent/Blueprints/Assets/M_LightStage_Skybox_HDRI.uasset" 327
"../../../Engine/Content/EditorMaterials/Thumbnails/SkySphereMaterial.uasset" 328
"../../../../../../SynergyStudios/Mechanics_Testing/v1_0/Content/StarterContent/Blueprints/Assets/Skybox.uasset" 329
"../../../../../../SynergyStudios/Mechanics_Testing/v1_0/Content/StarterContent/Blueprints/Assets/SM_Arrows.uasset" 330
"../../../../../../SynergyStudios/Mechanics_Testing/v1_0/Content/StarterContent/HDRI/HDRI_Epic_Courtyard_Daylight.uasset" 331
"../../../../../../SynergyStudios/Mechanics_Testing/v1_0/Content/StarterContent/Blueprints/BP_LightStudio.uasset" 332
"../../../../../../SynergyStudios/Mechanics_Testing/v1_0/Content/StarterContent/Textures/T_Brick_Clay_Beveled_D.uasset" 333
"../../../../../../SynergyStudios/Mechanics_Testing/v1_0/Content/StarterContent/Textures/T_Brick_Clay_Beveled_M.uasset" 334
"../../../../../../SynergyStudios/Mechanics_Testing/v1_0/Content/StarterContent/Textures/T_Brick_Clay_Beveled_N.uasset" 335
"../../../../../../SynergyStudios/Mechanics_Testing/v1_0/Content/StarterContent/Textures/T_MacroVariation.uasset" 336
"../../../../../../SynergyStudios/Mechanics_Testing/v1_0/Content/StarterContent/Materials/M_Brick_Clay_Beveled.uasset" 337
"../../../../../../SynergyStudios/Mechanics_Testing/v1_0/Content/StarterContent/Textures/T_Brick_Clay_New_D.uasset" 338
"../../../../../../SynergyStudios/Mechanics_Testing/v1_0/Content/StarterContent/Textures/T_Brick_Clay_New_M.uasset" 339
"../../../../../../SynergyStudios/Mechanics_Testing/v1_0/Content/StarterContent/Textures/T_Brick_Clay_New_N.uasset" 340
"../../../../../../SynergyStudios/Mechanics_Testing/v1_0/Content/StarterContent/Textures/T_Detail_Rocky_N.uasset" 341
"../../../../../../SynergyStudios/Mechanics_Testing/v1_0/Content/StarterContent/Materials/M_Brick_Clay_New.uasset" 342
"../../../../../../SynergyStudios/Mechanics_Testing/v1_0/Content/StarterContent/Textures/T_Brick_Clay_Old_D.uasset" 343
"../../../../../../SynergyStudios/Mechanics_Testing/v1_0/Content/StarterContent/Textures/T_Brick_Clay_Old_N.uasset" 344
"../../../../../../SynergyStudios/Mechanics_Testing/v1_0/Content/StarterContent/Textures/T_Perlin_Noise_M.uasset" 345
"../../../../../../SynergyStudios/Mechanics_Testing/v1_0/Content/StarterContent/Materials/M_Brick_Clay_Old.uasset" 346
"../../../../../../SynergyStudios/Mechanics_Testing/v1_0/Content/StarterContent/Textures/T_Brick_Cut_Stone_D.uasset" 347
"../../../../../../SynergyStudios/Mechanics_Testing/v1_0/Content/StarterContent/Textures/T_Brick_Cut_Stone_N.uasset" 348
"../../../../../../SynergyStudios/Mechanics_Testing/v1_0/Content/StarterContent/Materials/M_Brick_Cut_Stone.uasset" 349
"../../../../../../SynergyStudios/Mechanics_Testing/v1_0/Content/StarterContent/Textures/T_Brick_Hewn_Stone_D.uasset" 350
"../../../../../../SynergyStudios/Mechanics_Testing/v1_0/Content/StarterContent/Textures/T_Brick_Hewn_Stone_M.uasset" 351
"../../../../../../SynergyStudios/Mechanics_Testing/v1_0/Content/StarterContent/Textures/T_Brick_Hewn_Stone_N.uasset" 352
"../../../../../../SynergyStudios/Mechanics_Testing/v1_0/Content/StarterContent/Materials/M_Brick_Hewn_Stone.uasset" 353
"../../../../../../SynergyStudios/Mechanics_Testing/v1_0/Content/StarterContent/Textures/T_Ceramic_Tile_M.uasset" 354
"../../../../../../SynergyStudios/Mechanics_Testing/v1_0/Content/StarterContent/Textures/T_Ceramic_Tile_N.uasset" 355
"../../../../../../SynergyStudios/Mechanics_Testing/v1_0/Content/StarterContent/Textures/T_Rock_Marble_Polished_D.uasset" 356
"../../../../../../SynergyStudios/Mechanics_Testing/v1_0/Content/StarterContent/Materials/M_Ceramic_Tile_Checker.uasset" 357
"../../../../../../SynergyStudios/Mechanics_Testing/v1_0/Content/StarterContent/Textures/T_CobbleStone_Pebble_D.uasset" 358
"../../../../../../SynergyStudios/Mechanics_Testing/v1_0/Content/StarterContent/Textures/T_CobbleStone_Pebble_M.uasset" 359
"../../../../../../SynergyStudios/Mechanics_Testing/v1_0/Content/StarterContent/Textures/T_CobbleStone_Pebble_N.uasset" 360
"../../../../../../SynergyStudios/Mechanics_Testing/v1_0/Content/StarterContent/Materials/M_CobbleStone_Pebble.uasset" 361
"../../../../../../SynergyStudios/Mechanics_Testing/v1_0/Content/StarterContent/Textures/T_CobbleStone_Rough_D.uasset" 362
"../../../../../../SynergyStudios/Mechanics_Testing/v1_0/Content/StarterContent/Textures/T_CobbleStone_Rough_N.uasset" 363
"../../../../../../SynergyStudios/Mechanics_Testing/v1_0/Content/StarterContent/Textures/T_Gradinet_01.uasset" 364
"../../../../../../SynergyStudios/Mechanics_Testing/v1_0/Content/StarterContent/Textures/T_Rock_Smooth_Granite_D.uasset" 365
"../../../../../../SynergyStudios/Mechanics_Testing/v1_0/Content/StarterContent/Materials/M_CobbleStone_Rough.uasset" 366
"../../../../../../SynergyStudios/Mechanics_Testing/v1_0/Content/StarterContent/Textures/T_CobbleStone_Smooth_D.uasset" 367
"../../../../../../SynergyStudios/Mechanics_Testing/v1_0/Content/StarterContent/Textures/T_CobbleStone_Smooth_M.uasset" 368
"../../../../../../SynergyStudios/Mechanics_Testing/v1_0/Content/StarterContent/Textures/T_CobbleStone_Smooth_N.uasset" 369
"../../../../../../SynergyStudios/Mechanics_Testing/v1_0/Content/StarterContent/Materials/M_CobbleStone_Smooth.uasset" 370
"../../../Engine/Content/EditorMeshes/ColorCalibrator/T_ColorGrid.uasset" 371
"../../../../../../SynergyStudios/Mechanics_Testing/v1_0/Content/StarterContent/Materials/M_ColorGrid_LowSpec.uasset" 372
"../../../../../../SynergyStudios/Mechanics_Testing/v1_0/Content/StarterContent/Textures/T_Concrete_Grime_D.uasset" 373
"../../../../../../SynergyStudios/Mechanics_Testing/v1_0/Content/StarterContent/Textures/T_Metal_Rust_N.uasset" 374
"../../../../../../SynergyStudios/Mechanics_Testing/v1_0/Content/StarterContent/Materials/M_Concrete_Grime.uasset" 375
"../../../../../../SynergyStudios/Mechanics_Testing/v1_0/Content/StarterContent/Textures/T_Concrete_Panels_D.uasset" 376
"../../../../../../SynergyStudios/Mechanics_Testing/v1_0/Content/StarterContent/Textures/T_Concrete_Panels_N.uasset" 377
"../../../../../../SynergyStudios/Mechanics_Testing/v1_0/Content/StarterContent/Materials/M_Concrete_Panels.uasset" 378
"../../../../../../SynergyStudios/Mechanics_Testing/v1_0/Content/StarterContent/Textures/T_Concrete_Poured_D.uasset" 379
"../../../../../../SynergyStudios/Mechanics_Testing/v1_0/Content/StarterContent/Textures/T_Concrete_Poured_N.uasset" 380
"../../../../../../SynergyStudios/Mechanics_Testing/v1_0/Content/StarterContent/Materials/M_Concrete_Poured.uasset" 381
"../../../../../../SynergyStudios/Mechanics_Testing/v1_0/Content/StarterContent/Textures/T_Concrete_Tiles_D.uasset" 382
"../../../../../../SynergyStudios/Mechanics_Testing/v1_0/Content/StarterContent/Textures/T_Concrete_Tiles_M.uasset" 383
"../../../../../../SynergyStudios/Mechanics_Testing/v1_0/Content/StarterContent/Textures/T_Concrete_Tiles_N.uasset" 384
"../../../../../../SynergyStudios/Mechanics_Testing/v1_0/Content/StarterContent/Textures/T_Concrete_Tiles_Variation_M.uasset" 385
"../../../../../../SynergyStudios/Mechanics_Testing/v1_0/Content/StarterContent/Materials/M_Concrete_Tiles.uasset" 386
"../../../../../../SynergyStudios/Mechanics_Testing/v1_0/Content/StarterContent/Textures/T_Ground_Grass_D.uasset" 387
"../../../../../../SynergyStudios/Mechanics_Testing/v1_0/Content/StarterContent/Textures/T_Ground_Grass_N.uasset" 388
"../../../../../../SynergyStudios/Mechanics_Testing/v1_0/Content/StarterContent/Materials/M_Ground_Grass.uasset" 389
"../../../../../../SynergyStudios/Mechanics_Testing/v1_0/Content/StarterContent/Textures/T_Ground_Gravel_D.uasset" 390
"../../../../../../SynergyStudios/Mechanics_Testing/v1_0/Content/StarterContent/Textures/T_Ground_Gravel_N.uasset" 391
"../../../../../../SynergyStudios/Mechanics_Testing/v1_0/Content/StarterContent/Materials/M_Ground_Gravel.uasset" 392
"../../../../../../SynergyStudios/Mechanics_Testing/v1_0/Content/StarterContent/Textures/T_ground_Moss_D.uasset" 393
"../../../../../../SynergyStudios/Mechanics_Testing/v1_0/Content/StarterContent/Textures/T_Ground_Moss_N.uasset" 394
"../../../../../../SynergyStudios/Mechanics_Testing/v1_0/Content/StarterContent/Materials/M_Ground_Moss.uasset" 395
"../../../../../../SynergyStudios/Mechanics_Testing/v1_0/Content/StarterContent/Materials/M_Metal_Brushed_Nickel.uasset" 396
"../../../../../../SynergyStudios/Mechanics_Testing/v1_0/Content/StarterContent/Textures/T_Metal_Aluminum_D.uasset" 397
"../../../../../../SynergyStudios/Mechanics_Testing/v1_0/Content/StarterContent/Textures/T_Metal_Gold_N.uasset" 398
"../../../../../../SynergyStudios/Mechanics_Testing/v1_0/Content/StarterContent/Materials/M_Metal_Burnished_Steel.uasset" 399
"../../../../../../SynergyStudios/Mechanics_Testing/v1_0/Content/StarterContent/Materials/M_Metal_Chrome.uasset" 400
"../../../../../../SynergyStudios/Mechanics_Testing/v1_0/Content/StarterContent/Textures/T_Metal_Gold_D.uasset" 401
"../../../../../../SynergyStudios/Mechanics_Testing/v1_0/Content/StarterContent/Materials/M_Metal_Gold.uasset" 402
"../../../Engine/Content/Functions/Engine_MaterialFunctions02/Utility/BlendAngleCorrectedNormals.uasset" 403
"../../../../../../SynergyStudios/Mechanics_Testing/v1_0/Content/StarterContent/Textures/T_Metal_Rust_D.uasset" 404
"../../../../../../SynergyStudios/Mechanics_Testing/v1_0/Content/StarterContent/Materials/M_Metal_Rust.uasset" 405
"../../../../../../SynergyStudios/Mechanics_Testing/v1_0/Content/StarterContent/Textures/T_Metal_Steel_D.uasset" 406
"../../../../../../SynergyStudios/Mechanics_Testing/v1_0/Content/StarterContent/Textures/T_Metal_Steel_N.uasset" 407
"../../../../../../SynergyStudios/Mechanics_Testing/v1_0/Content/StarterContent/Materials/M_Metal_Steel.uasset" 408
"../../../../../../SynergyStudios/Mechanics_Testing/v1_0/Content/StarterContent/Textures/T_Rock_Basalt_D.uasset" 409
"../../../../../../SynergyStudios/Mechanics_Testing/v1_0/Content/StarterContent/Textures/T_Rock_Basalt_N.uasset" 410
"../../../../../../SynergyStudios/Mechanics_Testing/v1_0/Content/StarterContent/Materials/M_Rock_Basalt.uasset" 411
"../../../../../../SynergyStudios/Mechanics_Testing/v1_0/Content/StarterContent/Materials/M_Rock_Marble_Polished.uasset" 412
"../../../../../../SynergyStudios/Mechanics_Testing/v1_0/Content/StarterContent/Textures/T_Rock_Sandstone_D.uasset" 413
"../../../../../../SynergyStudios/Mechanics_Testing/v1_0/Content/StarterContent/Textures/T_Rock_Sandstone_N.uasset" 414
"../../../../../../SynergyStudios/Mechanics_Testing/v1_0/Content/StarterContent/Materials/M_Rock_Sandstone.uasset" 415
"../../../../../../SynergyStudios/Mechanics_Testing/v1_0/Content/StarterContent/Textures/T_Rock_Slate_D.uasset" 416
"../../../../../../SynergyStudios/Mechanics_Testing/v1_0/Content/StarterContent/Textures/T_Rock_Slate_N.uasset" 417
"../../../../../../SynergyStudios/Mechanics_Testing/v1_0/Content/StarterContent/Materials/M_Rock_Slate.uasset" 418
"../../../../../../SynergyStudios/Mechanics_Testing/v1_0/Content/StarterContent/Textures/T_Checker_Noise_M.uasset" 419
"../../../../../../SynergyStudios/Mechanics_Testing/v1_0/Content/StarterContent/Textures/T_Single_Tile_N.uasset" 420
"../../../../../../SynergyStudios/Mechanics_Testing/v1_0/Content/StarterContent/Textures/T_Tech_Dot_M.uasset" 421
"../../../../../../SynergyStudios/Mechanics_Testing/v1_0/Content/StarterContent/Textures/T_Tech_Dot_N.uasset" 422
"../../../../../../SynergyStudios/Mechanics_Testing/v1_0/Content/StarterContent/Materials/M_Tech_Checker_Dot.uasset" 423
"../../../../../../SynergyStudios/Mechanics_Testing/v1_0/Content/StarterContent/Textures/T_Tech_Hex_Tile_M.uasset" 424
"../../../../../../SynergyStudios/Mechanics_Testing/v1_0/Content/StarterContent/Textures/T_Tech_Hex_Tile_N.uasset" 425
"../../../../../../SynergyStudios/Mechanics_Testing/v1_0/Content/StarterContent/Materials/M_Tech_Hex_Tile.uasset" 426
"../../../../../../SynergyStudios/Mechanics_Testing/v1_0/Content/StarterContent/Materials/M_Tech_Hex_Tile_Pulse.uasset" 427
"../../../../../../SynergyStudios/Mechanics_Testing/v1_0/Content/StarterContent/Materials/M_Water_Lake.uasset" 428
"../../../../../../SynergyStudios/Mechanics_Testing/v1_0/Content/StarterContent/Textures/T_Water_M.uasset" 429
"../../../../../../SynergyStudios/Mechanics_Testing/v1_0/Content/StarterContent/Materials/M_Water_Ocean.uasset" 430
"../../../../../../SynergyStudios/Mechanics_Testing/v1_0/Content/StarterContent/Textures/T_Wood_Floor_Walnut_D.uasset" 431
"../../../../../../SynergyStudios/Mechanics_Testing/v1_0/Content/StarterContent/Textures/T_Wood_Floor_Walnut_M.uasset" 432
"../../../../../../SynergyStudios/Mechanics_Testing/v1_0/Content/StarterContent/Textures/T_Wood_Floor_Walnut_N.uasset" 433
"../../../../../../SynergyStudios/Mechanics_Testing/v1_0/Content/StarterContent/Materials/M_Wood_Floor_Walnut_Polished.uasset" 434
"../../../Engine/Content/Functions/Engine_MaterialFunctions01/Opacity/AlphaOffset.uasset" 435
"../../../../../../SynergyStudios/Mechanics_Testing/v1_0/Content/StarterContent/Materials/M_Wood_Floor_Walnut_Worn.uasset" 436
"../../../../../../SynergyStudios/Mechanics_Testing/v1_0/Content/StarterContent/Textures/T_Wood_Oak_D.uasset" 437
"../../../../../../SynergyStudios/Mechanics_Testing/v1_0/Content/StarterContent/Textures/T_Wood_Oak_N.uasset" 438
"../../../../../../SynergyStudios/Mechanics_Testing/v1_0/Content/StarterContent/Materials/M_Wood_Oak.uasset" 439
"../../../../../../SynergyStudios/Mechanics_Testing/v1_0/Content/StarterContent/Textures/T_Wood_Pine_D.uasset" 440
"../../../../../../SynergyStudios/Mechanics_Testing/v1_0/Content/StarterContent/Textures/T_Wood_Pine_N.uasset" 441
"../../../../../../SynergyStudios/Mechanics_Testing/v1_0/Content/StarterContent/Materials/M_Wood_Pine.uasset" 442
"../../../../../../SynergyStudios/Mechanics_Testing/v1_0/Content/StarterContent/Textures/T_Wood_Walnut_D.uasset" 443
"../../../../../../SynergyStudios/Mechanics_Testing/v1_0/Content/StarterContent/Textures/T_Wood_Walnut_N.uasset" 444
"../../../../../../SynergyStudios/Mechanics_Testing/v1_0/Content/StarterContent/Materials/M_Wood_Walnut.uasset" 445
"../../../../../../SynergyStudios/Mechanics_Testing/v1_0/Content/StarterContent/Textures/T_Dust_Particle_D.uasset" 446
"../../../../../../SynergyStudios/Mechanics_Testing/v1_0/Content/StarterContent/Particles/Materials/M_Dust_Particle.uasset" 447
"../../../../../../SynergyStudios/Mechanics_Testing/v1_0/Content/StarterContent/Particles/P_Ambient_Dust.uasset" 448
"../../../../../../SynergyStudios/Mechanics_Testing/v1_0/Content/StarterContent/Props/MaterialSphere.uasset" 449
"../../../../../../SynergyStudios/Mechanics_Testing/v1_0/Content/StarterContent/Textures/T_Bush_D.uasset" 450
"../../../../../../SynergyStudios/Mechanics_Testing/v1_0/Content/StarterContent/Textures/T_Bush_N.uasset" 451
"../../../../../../SynergyStudios/Mechanics_Testing/v1_0/Content/StarterContent/Props/Materials/M_Bush.uasset" 452
"../../../../../../SynergyStudios/Mechanics_Testing/v1_0/Content/StarterContent/Props/SM_Bush.uasset" 453
"../../../../../../SynergyStudios/Mechanics_Testing/v1_0/Content/StarterContent/Textures/T_Chair_M.uasset" 454
"../../../../../../SynergyStudios/Mechanics_Testing/v1_0/Content/StarterContent/Textures/T_Chair_N.uasset" 455
"../../../../../../SynergyStudios/Mechanics_Testing/v1_0/Content/StarterContent/Props/Materials/M_Chair.uasset" 456
"../../../../../../SynergyStudios/Mechanics_Testing/v1_0/Content/StarterContent/Props/SM_Chair.uasset" 457
"../../../../../../SynergyStudios/Mechanics_Testing/v1_0/Content/StarterContent/Textures/T_Frame_M.uasset" 458
"../../../../../../SynergyStudios/Mechanics_Testing/v1_0/Content/StarterContent/Textures/T_Frame_N.uasset" 459
"../../../../../../SynergyStudios/Mechanics_Testing/v1_0/Content/StarterContent/Props/Materials/M_Frame.uasset" 460
"../../../../../../SynergyStudios/Mechanics_Testing/v1_0/Content/StarterContent/Props/SM_CornerFrame.uasset" 461
"../../../../../../SynergyStudios/Mechanics_Testing/v1_0/Content/StarterContent/Props/SM_Couch.uasset" 462
"../../../../../../SynergyStudios/Mechanics_Testing/v1_0/Content/StarterContent/Materials/M_Glass.uasset" 463
"../../../../../../SynergyStudios/Mechanics_Testing/v1_0/Content/StarterContent/Textures/T_Door_M.uasset" 464
"../../../../../../SynergyStudios/Mechanics_Testing/v1_0/Content/StarterContent/Textures/T_Door_N.uasset" 465
"../../../../../../SynergyStudios/Mechanics_Testing/v1_0/Content/StarterContent/Props/Materials/M_Door.uasset" 466
"../../../../../../SynergyStudios/Mechanics_Testing/v1_0/Content/StarterContent/Props/SM_Door.uasset" 467
"../../../../../../SynergyStudios/Mechanics_Testing/v1_0/Content/StarterContent/Props/SM_DoorFrame.uasset" 468
"../../../../../../SynergyStudios/Mechanics_Testing/v1_0/Content/StarterContent/Props/SM_GlassWindow.uasset" 469
"../../../../../../SynergyStudios/Mechanics_Testing/v1_0/Content/StarterContent/Props/Materials/M_MaterialSphere.uasset" 470
"../../../../../../SynergyStudios/Mechanics_Testing/v1_0/Content/StarterContent/Props/Materials/M_MaterialSphere_Plain.uasset" 471
"../../../../../../SynergyStudios/Mechanics_Testing/v1_0/Content/StarterContent/Props/SM_MatPreviewMesh_02.uasset" 472
"../../../../../../SynergyStudios/Mechanics_Testing/v1_0/Content/StarterContent/Props/SM_PillarFrame.uasset" 473
"../../../../../../SynergyStudios/Mechanics_Testing/v1_0/Content/StarterContent/Props/SM_PillarFrame300.uasset" 474
"../../../../../../SynergyStudios/Mechanics_Testing/v1_0/Content/StarterContent/Textures/T_RockMesh_M.uasset" 475
"../../../../../../SynergyStudios/Mechanics_Testing/v1_0/Content/StarterContent/Textures/T_RockMesh_N.uasset" 476
"../../../../../../SynergyStudios/Mechanics_Testing/v1_0/Content/StarterContent/Props/Materials/M_Rock.uasset" 477
"../../../../../../SynergyStudios/Mechanics_Testing/v1_0/Content/StarterContent/Props/SM_Rock.uasset" 478
"../../../../../../SynergyStudios/Mechanics_Testing/v1_0/Content/StarterContent/Textures/T_Shelf_M.uasset" 479
"../../../../../../SynergyStudios/Mechanics_Testing/v1_0/Content/StarterContent/Textures/T_Shelf_N.uasset" 480
"../../../../../../SynergyStudios/Mechanics_Testing/v1_0/Content/StarterContent/Props/Materials/M_Shelf.uasset" 481
"../../../../../../SynergyStudios/Mechanics_Testing/v1_0/Content/StarterContent/Props/SM_Shelf.uasset" 482
"../../../../../../SynergyStudios/Mechanics_Testing/v1_0/Content/StarterContent/Materials/M_Basic_Floor.uasset" 483
"../../../../../../SynergyStudios/Mechanics_Testing/v1_0/Content/StarterContent/Props/SM_Stairs.uasset" 484
"../../../../../../SynergyStudios/Mechanics_Testing/v1_0/Content/StarterContent/Textures/T_Statue_M.uasset" 485
"../../../../../../SynergyStudios/Mechanics_Testing/v1_0/Content/StarterContent/Textures/T_Statue_N.uasset" 486
"../../../../../../SynergyStudios/Mechanics_Testing/v1_0/Content/StarterContent/Props/Materials/M_Statue.uasset" 487
"../../../../../../SynergyStudios/Mechanics_Testing/v1_0/Content/StarterContent/Props/Materials/M_StatueGlass.uasset" 488
"../../../../../../SynergyStudios/Mechanics_Testing/v1_0/Content/StarterContent/Props/SM_Statue.uasset" 489
"../../../../../../SynergyStudios/Mechanics_Testing/v1_0/Content/StarterContent/Textures/T_TableRound_M.uasset" 490
"../../../../../../SynergyStudios/Mechanics_Testing/v1_0/Content/StarterContent/Textures/T_TableRound_N.uasset" 491
"../../../../../../SynergyStudios/Mechanics_Testing/v1_0/Content/StarterContent/Props/Materials/M_TableRound.uasset" 492
"../../../../../../SynergyStudios/Mechanics_Testing/v1_0/Content/StarterContent/Props/SM_TableRound.uasset" 493
"../../../../../../SynergyStudios/Mechanics_Testing/v1_0/Content/StarterContent/Props/SM_WindowFrame.uasset" 494
"../../../../../../SynergyStudios/Mechanics_Testing/v1_0/Content/StarterContent/Shapes/Shape_Cone.uasset" 495
"../../../../../../SynergyStudios/Mechanics_Testing/v1_0/Content/StarterContent/Shapes/Shape_Cube.uasset" 496
"../../../../../../SynergyStudios/Mechanics_Testing/v1_0/Content/StarterContent/Shapes/Shape_Cylinder.uasset" 497
"../../../../../../SynergyStudios/Mechanics_Testing/v1_0/Content/StarterContent/Shapes/Shape_NarrowCapsule.uasset" 498
"../../../../../../SynergyStudios/Mechanics_Testing/v1_0/Content/StarterContent/Shapes/Shape_Pipe.uasset" 499
"../../../../../../SynergyStudios/Mechanics_Testing/v1_0/Content/StarterContent/Shapes/Shape_Pipe_180.uasset" 500
"../../../../../../SynergyStudios/Mechanics_Testing/v1_0/Content/StarterContent/Shapes/Shape_Pipe_90.uasset" 501
"../../../../../../SynergyStudios/Mechanics_Testing/v1_0/Content/StarterContent/Shapes/Shape_Plane.uasset" 502
"../../../../../../SynergyStudios/Mechanics_Testing/v1_0/Content/StarterContent/Shapes/Shape_QuadPyramid.uasset" 503
"../../../../../../SynergyStudios/Mechanics_Testing/v1_0/Content/StarterContent/Shapes/Shape_Sphere.uasset" 504
"../../../../../../SynergyStudios/Mechanics_Testing/v1_0/Content/StarterContent/Shapes/Shape_Torus.uasset" 505
"../../../../../../SynergyStudios/Mechanics_Testing/v1_0/Content/StarterContent/Shapes/Shape_Trim.uasset" 506
"../../../../../../SynergyStudios/Mechanics_Testing/v1_0/Content/StarterContent/Shapes/Shape_Trim_90_In.uasset" 507
"../../../../../../SynergyStudios/Mechanics_Testing/v1_0/Content/StarterContent/Shapes/Shape_Trim_90_Out.uasset" 508
"../../../../../../SynergyStudios/Mechanics_Testing/v1_0/Content/StarterContent/Shapes/Shape_TriPyramid.uasset" 509
"../../../../../../SynergyStudios/Mechanics_Testing/v1_0/Content/StarterContent/Shapes/Shape_Tube.uasset" 510
"../../../../../../SynergyStudios/Mechanics_Testing/v1_0/Content/StarterContent/Shapes/Shape_Wedge_A.uasset" 511
"../../../../../../SynergyStudios/Mechanics_Testing/v1_0/Content/StarterContent/Shapes/Shape_Wedge_B.uasset" 512
"../../../../../../SynergyStudios/Mechanics_Testing/v1_0/Content/StarterContent/Shapes/Shape_WideCapsule.uasset" 513
"../../../../../../SynergyStudios/Mechanics_Testing/v1_0/Content/ThirdPersonBP/ThirdPersonOverview.uasset" 514
"../../../Engine/Content/Animation/DefaultAnimCurveCompressionSettings.uasset" 515
"../../../Engine/Content/ArtTools/RenderToTexture/Meshes/S_1_Unit_Plane.uasset" 516
"../../../Engine/Content/EngineMaterials/DefaultMaterial.uasset" 517
"../../../Engine/Content/BasicShapes/Cone.uasset" 518
"../../../Engine/Content/BasicShapes/Cylinder.uasset" 519
"../../../Engine/Content/BasicShapes/Plane.uasset" 520
"../../../Engine/Content/BasicShapes/Sphere.uasset" 521
"../../../Engine/Content/EditorLandscapeResources/DataLayer.uasset" 522
"../../../Engine/Content/EditorMaterials/MAT_Groups_Toggle.uasset" 523
"../../../Engine/Content/EditorMaterials/MAT_Groups_Visibility.uasset" 524
"../../../Engine/Content/EditorMaterials/PreviewShadowIndicator.uasset" 525
"../../../Engine/Content/EditorMaterials/PreviewShadowIndicatorMaterial.uasset" 526
"../../../Engine/Content/EditorMaterials/MatineeGroups/MAT_ColorTrack.uasset" 527
"../../../Engine/Content/EditorMaterials/MatineeGroups/MAT_Groups_Anim.uasset" 528
"../../../Engine/Content/EditorMaterials/MatineeGroups/MAT_Groups_AudioMaster.uasset" 529
"../../../Engine/Content/EditorMaterials/MatineeGroups/MAT_Groups_Director.uasset" 530
"../../../Engine/Content/EditorMaterials/MatineeGroups/MAT_Groups_Event.uasset" 531
"../../../Engine/Content/EditorMaterials/MatineeGroups/MAT_Groups_Fade.uasset" 532
"../../../Engine/Content/EditorMaterials/MatineeGroups/MAT_Groups_Float.uasset" 533
"../../../Engine/Content/EditorMaterials/MatineeGroups/MAT_Groups_Move.uasset" 534
"../../../Engine/Content/EditorMaterials/MatineeGroups/MAT_Groups_Slomo.uasset" 535
"../../../Engine/Content/EditorMaterials/MatineeGroups/MAT_Groups_Sound.uasset" 536
"../../../Engine/Content/EditorMaterials/MatineeGroups/MAT_Groups_Vector.uasset" 537
"../../../Engine/Content/EditorMaterials/ParticleSystems/PSysThumbnail_NoImage.uasset" 538
"../../../Engine/Content/EditorMaterials/ParticleSystems/PSysThumbnail_OOD.uasset" 539
"../../../Engine/Content/EditorMaterials/Camera/CineMat.uasset" 540
"../../../Engine/Content/EditorMaterials/Camera/MI_CineMat_Rig.uasset" 541
"../../../Engine/Content/EditorMeshes/Camera/SM_CraneRig_Arm.uasset" 542
"../../../Engine/Content/EditorMeshes/Camera/SM_CraneRig_Base.uasset" 543
"../../../Engine/Content/EditorMeshes/Camera/SM_CraneRig_Body.uasset" 544
"../../../Engine/Content/EditorMeshes/Camera/SM_CraneRig_Mount.uasset" 545
"../../../Engine/Content/EditorMeshes/Camera/SM_RailRig_Mount.uasset" 546
"../../../Engine/Content/EditorMeshes/Camera/SM_RailRig_Track.uasset" 547
"../../../Engine/Content/EditorResources/BSPVertex.uasset" 548
"../../../Engine/Content/EditorResources/EmptyActor.uasset" 549
"../../../Engine/Content/EditorResources/S_Actor.uasset" 550
"../../../Engine/Content/EditorResources/S_KPrismatic.uasset" 551
"../../../Engine/Content/EditorResources/S_Note.uasset" 552
"../../../Engine/Content/EditorResources/S_Solver.uasset" 553
"../../../Engine/Content/EditorResources/S_Trigger.uasset" 554
"../../../Engine/Content/EditorResources/AudioIcons/S_AudioComponent_AutoActivate.uasset" 555
"../../../Engine/Content/EditorResources/LightIcons/S_LightError.uasset" 556
"../../../Engine/Content/EditorResources/SequenceRecorder/Countdown.uasset" 557
"../../../Engine/Content/EditorResources/SequenceRecorder/RecordingIndicator.uasset" 558
"../../../Engine/Content/EditorSounds/Notifications/CompileFailed.uasset" 559
"../../../Engine/Content/EditorSounds/Notifications/CompileFailed_Cue.uasset" 560
"../../../Engine/Content/EditorSounds/Notifications/CompileSuccess.uasset" 561
"../../../Engine/Content/EditorSounds/Notifications/CompileStart_Cue.uasset" 562
"../../../Engine/Content/EditorSounds/Notifications/CompileSuccess_Cue.uasset" 563
"../../../Engine/Content/EngineDamageTypes/DmgTypeBP_Environmental.uasset" 564
"../../../Engine/Content/EngineDebugMaterials/DebugEditorMaterial.uasset" 565
"../../../Engine/Content/EngineDebugMaterials/DebugMeshMaterial.uasset" 566
"../../../Engine/Content/EngineDebugMaterials/M_SimpleTranslucent.uasset" 567
"../../../Engine/Content/Functions/Engine_MaterialFunctions02/Utility/CameraDirectionVector.uasset" 568
"../../../Engine/Content/EngineDebugMaterials/VolumeToRender.uasset" 569
"../../../Engine/Content/EngineDebugMaterials/M_VolumeRenderSphereTracePP.uasset" 570
"../../../Engine/Content/EngineDebugMaterials/WireframeMaterial.uasset" 571
"../../../Engine/Content/EngineFonts/Faces/DroidSansFallback.uasset" 572
"../../../Engine/Content/EngineFonts/Faces/RobotoBold.uasset" 573
"../../../Engine/Content/EngineFonts/Faces/RobotoBoldItalic.uasset" 574
"../../../Engine/Content/EngineFonts/Faces/RobotoItalic.uasset" 575
"../../../Engine/Content/EngineFonts/Faces/RobotoLight.uasset" 576
"../../../Engine/Content/EngineFonts/Faces/RobotoRegular.uasset" 577
"../../../Engine/Content/EngineFonts/Roboto.uasset" 578
"../../../Engine/Content/EngineMaterials/BaseFlattenMaterial.uasset" 579
"../../../Engine/Content/EngineMaterials/BlueNoise.uasset" 580
"../../../Engine/Content/EngineMaterials/DefaultBloomKernel.uasset" 581
"../../../Engine/Content/EngineMaterials/DefaultBokeh.uasset" 582
"../../../Engine/Content/EngineMaterials/DefaultDiffuse.uasset" 583
"../../../Engine/Content/EngineMaterials/DefaultDeferredDecalMaterial.uasset" 584
"../../../Engine/Content/EngineMaterials/DefaultLightFunctionMaterial.uasset" 585
"../../../Engine/Content/EngineMaterials/DefaultPhysicalMaterial.uasset" 586
"../../../Engine/Content/Functions/Engine_MaterialFunctions02/Utility/BreakOutFloat2Components.uasset" 587
"../../../Engine/Content/EngineMaterials/DefaultPostProcessMaterial.uasset" 588
"../../../Engine/Content/EngineFonts/RobotoDistanceField.uasset" 589
"../../../Engine/Content/EngineMaterials/DefaultTextMaterialOpaque.uasset" 590
"../../../Engine/Content/EngineMaterials/DefaultVirtualTextureMaterial.uasset" 591
"../../../Engine/Content/EngineMaterials/DefaultWhiteGrid.uasset" 592
"../../../Engine/Content/EngineMaterials/DefaultWhiteGrid_Low.uasset" 593
"../../../Engine/Content/EngineMaterials/EmissiveMeshMaterial.uasset" 594
"../../../Engine/Content/EngineMaterials/GizmoMaterial.uasset" 595
"../../../Engine/Content/EngineMaterials/HairDefaultMaterial.uasset" 596
"../../../Engine/Content/EngineMaterials/MiniFont.uasset" 597
"../../../Engine/Content/EngineMaterials/InvalidLightmapSettings.uasset" 598
"../../../Engine/Content/EngineMaterials/M_InvalidLightmapSettings.uasset" 599
"../../../Engine/Content/Functions/Engine_MaterialFunctions02/WorldPositionOffset/CameraOffset.uasset" 600
"../../../Engine/Content/EngineMaterials/PhAT_JointLimitMaterial.uasset" 601
"../../../Engine/Content/EngineMaterials/PreintegratedSkinBRDF.uasset" 602
"../../../Engine/Content/EngineMaterials/RemoveSurfaceMaterial.uasset" 603
"../../../Engine/Content/EngineMaterials/WeightMapPlaceholderTexture.uasset" 604
"../../../Engine/Content/EngineResources/WhiteSquareTexture.uasset" 605
"../../../Engine/Content/EngineMaterials/Widget3DPassThrough.uasset" 606
"../../../Engine/Content/EngineMaterials/Widget3DPassThrough_Masked.uasset" 607
"../../../Engine/Content/EngineMaterials/Widget3DPassThrough_Opaque.uasset" 608
"../../../Engine/Content/EngineMaterials/Widget3DPassThrough_Masked_OneSided.uasset" 609
"../../../Engine/Content/EngineMaterials/Widget3DPassThrough_Opaque_OneSided.uasset" 610
"../../../Engine/Content/EngineMaterials/Widget3DPassThrough_Translucent.uasset" 611
"../../../Engine/Content/EngineMaterials/Widget3DPassThrough_Translucent_OneSided.uasset" 612
"../../../Engine/Content/EngineMeshes/Cylinder.uasset" 613
"../../../Engine/Content/EngineMeshes/Sphere.uasset" 614
"../../../Engine/Content/EngineResources/Black.uasset" 615
"../../../Engine/Content/EngineResources/DefaultTextureCube.uasset" 616
"../../../Engine/Content/EngineResources/DefaultVolumeTexture2D.uasset" 617
"../../../Engine/Content/EngineResources/DefaultVolumeTexture.uasset" 618
"../../../Engine/Content/EngineResources/GradientTexture0.uasset" 619
"../../../Engine/Content/EngineSounds/Master.uasset" 620
"../../../Engine/Content/Functions/Engine_MaterialFunctions01/Shading/ConvertFromDiffSpec.uasset" 621
"../../../Engine/Content/Functions/Engine_MaterialFunctions01/Shading/PowerToRoughness.uasset" 622
"../../../Engine/Content/Maps/Templates/Thumbnails/Default.uasset" 623
"../../../Engine/Content/Maps/Templates/Thumbnails/TimeOfDay.uasset" 624
"../../../Engine/Content/Maps/Templates/Thumbnails/VR-Basic.uasset" 625
"../../../Engine/Content/MobileResources/T_MobileControls_texture.uasset" 626
"../../../Engine/Content/MobileResources/T_MobileMenu2.uasset" 627
"../../../Engine/Content/MobileResources/HUD/AnalogHat.uasset" 628
"../../../Engine/Content/MobileResources/HUD/VirtualJoystick_Background.uasset" 629
"../../../Engine/Content/MobileResources/HUD/VirtualJoystick_Thumb.uasset" 630
"../../../Engine/Content/MobileResources/HUD/DefaultVirtualJoysticks.uasset" 631
"../../../Engine/Content/MobileResources/HUD/LeftVirtualJoystickOnly.uasset" 632
"../../../Engine/Content/MobileResources/HUD/MobileHUDButton1_off.uasset" 633
"../../../Engine/Content/MobileResources/HUD/MobileHUDButton1_on.uasset" 634
"../../../Engine/Content/MobileResources/HUD/MobileHUDButton2_off.uasset" 635
"../../../Engine/Content/MobileResources/HUD/MobileHUDButton2_on.uasset" 636
"../../../Engine/Content/MobileResources/HUD/MobileHUDButton3.uasset" 637
"../../../Engine/Content/MobileResources/HUD/MobileHUDButtonFire.uasset" 638
"../../../Engine/Content/MobileResources/HUD/MobileHUDDirectionPad.uasset" 639
"../../../Engine/Content/MobileResources/HUD/MobileHUDDirectionPad2.uasset" 640
"../../../Engine/Content/MobileResources/HUD/MobileHUDDirectionPad3.uasset" 641
"../../../Engine/Content/MobileResources/HUD/MobileHUDDirectionStick.uasset" 642
"../../../Engine/Content/MobileResources/HUD/T_Castle_ThumbstickInner.uasset" 643
"../../../Engine/Content/MobileResources/HUD/T_Castle_ThumbstickOutter.uasset" 644
"../../../Engine/Content/Tutorial/ContentIntroCurve.uasset" 645
"../../../Engine/Content/Tutorial/Basics/LevelEditorAttract.uasset" 646
"../../../Engine/Content/Tutorial/BlueprintTutorials/TutorialAssets/Blueprint_64x.uasset" 647
"../../../Engine/Content/Tutorial/BlueprintTutorials/BlueprintEditorTutorial.uasset" 648
"../../../Engine/Content/VREditor/LaserPointer/VR_LaserPower_01.uasset" 649
"../../../Engine/Content/VREditor/TransformGizmo/TransformGizmoMaterial.uasset" 650
"../../../Engine/Content/VREditor/TransformGizmo/TranslucentTransformGizmoMaterial.uasset" 651
"../../../Engine/Content/VREditor/TransformGizmo/BoundingBoxCorner.uasset" 652
"../../../Engine/Content/VREditor/TransformGizmo/BoundingBoxEdge.uasset" 653
"../../../Engine/Content/VREditor/TransformGizmo/PlaneTranslationHandle.uasset" 654
"../../../Engine/Content/VREditor/TransformGizmo/Main.uasset" 655
"../../../Engine/Content/VREditor/TransformGizmo/Xray.uasset" 656
"../../../Engine/Content/VREditor/TransformGizmo/SM_Sequencer_Key.uasset" 657
"../../../Engine/Content/VREditor/TransformGizmo/SM_Sequencer_Node.uasset" 658
"../../Plugins/2D/Paper2D/Content/PlaceholderTextures/DummySpriteTexture.uasset" 659
"../../Plugins/2D/Paper2D/Content/DummySprite.uasset" 660
"../../Plugins/2D/Paper2D/Content/DefaultPaperTerrainMaterial.uasset" 661
"../../Plugins/2D/Paper2D/Content/DummySpriteTexture.uasset" 662
"../../Plugins/2D/Paper2D/Content/DefaultSpriteMaterial.uasset" 663
"../../Plugins/2D/Paper2D/Content/MaskedUnlitSpriteMaterial.uasset" 664
"../../Plugins/2D/Paper2D/Content/OpaqueUnlitSpriteMaterial.uasset" 665
"../../../Engine/Content/Functions/Engine_MaterialFunctions02/Utility/BreakOutFloat4Components.uasset" 666
"../../../Engine/Content/Functions/Engine_MaterialFunctions02/Utility/MakeFloat2.uasset" 667
"../../../Engine/Content/Functions/Engine_MaterialFunctions02/Utility/MakeFloat3.uasset" 668
"../../Plugins/Runtime/Oculus/OculusVR/Content/Materials/OculusMR_ChromaKey.uasset" 669
"../../Plugins/Runtime/Oculus/OculusVR/Content/Materials/OculusMR_ChromaKey_Lit.uasset" 670
"../../Plugins/Runtime/Oculus/OculusVR/Content/Materials/OculusMR_OpaqueColoredMaterial.uasset" 671
"../../Plugins/Runtime/Oculus/OculusVR/Content/Materials/OculusMR_WhiteMaterial.uasset" 672
"../../../../../../SynergyStudios/Mechanics_Testing/v1_0/Content/BaseBeam.uasset" 673
"../../../../../../SynergyStudios/Mechanics_Testing/v1_0/Content/BeamPulse.uasset" 674
"../../../../../../SynergyStudios/Mechanics_Testing/v1_0/Content/LB_Material.uasset" 675
"../../../../../../SynergyStudios/Mechanics_Testing/v1_0/Content/Beam.uasset" 676
"../../../../../../SynergyStudios/Mechanics_Testing/v1_0/Content/Blueprints/Beam_Blueprint.uasset" 677
"../../../../../../SynergyStudios/Mechanics_Testing/v1_0/Content/Mannequin/Animations/ThirdPerson_Jump.uasset" 678
"../../../../../../SynergyStudios/Mechanics_Testing/v1_0/Content/Mannequin/Animations/ThirdPersonJump_Loop.uasset" 679
"../../../../../../SynergyStudios/Mechanics_Testing/v1_0/Content/Mannequin/Animations/ThirdPersonJump_Start.uasset" 680
"../../../../../../SynergyStudios/Mechanics_Testing/v1_0/Content/Mannequin/Animations/ThirdPersonIdle.uasset" 681
"../../../../../../SynergyStudios/Mechanics_Testing/v1_0/Content/Mannequin/Animations/ThirdPersonRun.uasset" 682
"../../../../../../SynergyStudios/Mechanics_Testing/v1_0/Content/Mannequin/Animations/ThirdPersonWalk.uasset" 683
"../../../../../../SynergyStudios/Mechanics_Testing/v1_0/Content/Mannequin/Animations/ThirdPerson_IdleRun_2D.uasset" 684
"../../../Engine/Content/EditorBlueprintResources/StandardMacros.uasset" 685
"../../../Engine/Content/EngineSky/C_Sky_Cloud_Color.uasset" 686
"../../../Engine/Content/EngineSky/C_Sky_Horizon_Color.uasset" 687
"../../../Engine/Content/EngineSky/C_Sky_Zenith_Color.uasset" 688
"../../../Engine/Content/EngineSky/T_Sky_Blue.uasset" 689
"../../../Engine/Content/EngineSky/T_Sky_Clouds_M.uasset" 690
"../../../Engine/Content/EngineSky/T_Sky_Stars.uasset" 691
"../../../Engine/Content/EngineSky/M_Sky_Panning_Clouds2.uasset" 692
"../../../Engine/Content/EngineSky/SM_SkySphere.uasset" 693
"../../../Engine/Content/EngineSky/BP_Sky_Sphere.uasset" 694
"../../../Engine/Content/Functions/MaterialLayerFunctions/MatLayerBlend_NormalBlend.uasset" 695
"../../../Engine/Content/Functions/MaterialLayerFunctions/MatLayerBlend_Simple.uasset" 696
"../../../../../../SynergyStudios/Mechanics_Testing/v1_0/Content/Mannequin/Character/Materials/MaterialLayers/T_ML_Rubber_Blue_01_D.uasset" 697
"../../../../../../SynergyStudios/Mechanics_Testing/v1_0/Content/Mannequin/Character/Materials/MaterialLayers/T_ML_Rubber_Blue_01_N.uasset" 698
"../../../../../../SynergyStudios/Mechanics_Testing/v1_0/Content/Mannequin/Character/Materials/MaterialLayers/ML_GlossyBlack_Latex_UE4.uasset" 699
"../../../../../../SynergyStudios/Mechanics_Testing/v1_0/Content/Mannequin/Character/Materials/MaterialLayers/ML_Plastic_Shiny_Beige.uasset" 700
"../../../../../../SynergyStudios/Mechanics_Testing/v1_0/Content/Mannequin/Character/Textures/UE4_LOGO_CARD.uasset" 701
"../../../../../../SynergyStudios/Mechanics_Testing/v1_0/Content/Mannequin/Character/Materials/MaterialLayers/ML_Plastic_Shiny_Beige_LOGO.uasset" 702
"../../../../../../SynergyStudios/Mechanics_Testing/v1_0/Content/Mannequin/Character/Materials/MaterialLayers/T_ML_Aluminum01.uasset" 703
"../../../../../../SynergyStudios/Mechanics_Testing/v1_0/Content/Mannequin/Character/Materials/MaterialLayers/T_ML_Aluminum01_N.uasset" 704
"../../../../../../SynergyStudios/Mechanics_Testing/v1_0/Content/Mannequin/Character/Materials/MaterialLayers/ML_SoftMetal_UE4.uasset" 705
"../../../../../../SynergyStudios/Mechanics_Testing/v1_0/Content/Mannequin/Character/Textures/UE4_Mannequin__normals.uasset" 706
"../../../../../../SynergyStudios/Mechanics_Testing/v1_0/Content/Mannequin/Character/Textures/UE4_Mannequin_MAT_MASKA.uasset" 707
"../../../../../../SynergyStudios/Mechanics_Testing/v1_0/Content/Mannequin/Character/Materials/M_UE4Man_Body.uasset" 708
"../../../../../../SynergyStudios/Mechanics_Testing/v1_0/Content/Mannequin/Character/Textures/UE4Man_Logo_N.uasset" 709
"../../../../../../SynergyStudios/Mechanics_Testing/v1_0/Content/Mannequin/Character/Materials/M_UE4Man_ChestLogo.uasset" 710
"../../../../../../SynergyStudios/Mechanics_Testing/v1_0/Content/Mannequin/Character/Mesh/SK_Mannequin_PhysicsAsset.uasset" 711
"../../../../../../SynergyStudios/Mechanics_Testing/v1_0/Content/Mannequin/Character/Mesh/SK_Mannequin.uasset" 712
"../../../../../../SynergyStudios/Mechanics_Testing/v1_0/Content/MainCharacter.uasset" 713
"../../../../../../SynergyStudios/Mechanics_Testing/v1_0/Content/Mannequin/Animations/ThirdPerson_AnimBP.uasset" 714
"../../../../../../SynergyStudios/Mechanics_Testing/v1_0/Content/MouseCharacter/Animation/Jump_Anim_mixamo_com.uasset" 715
"../../../../../../SynergyStudios/Mechanics_Testing/v1_0/Content/MouseCharacter/T-Pose_BS_1D.uasset" 716
"../../../../../../SynergyStudios/Mechanics_Testing/v1_0/Content/MouseCharacter/Animation/PushingInPlace_Anim_mixamo_com.uasset" 717
"../../../../../../SynergyStudios/Mechanics_Testing/v1_0/Content/MouseCharacter/T-Pose_Pushing_BS_1D.uasset" 718
"../../../../../../SynergyStudios/Mechanics_Testing/v1_0/Content/MouseCharacter/T-Pose_AnimBP.uasset" 719
"../../../../../../SynergyStudios/Mechanics_Testing/v1_0/Content/DarkRed.uasset" 720
"../../../../../../SynergyStudios/Mechanics_Testing/v1_0/Content/Blueprints/Push_Cube_BP.uasset" 721
"../../../../../../SynergyStudios/Mechanics_Testing/v1_0/Content/FXVarietyPack/Textures/T_ky_circle01_4x4.uasset" 722
"../../../../../../SynergyStudios/Mechanics_Testing/v1_0/Content/FXVarietyPack/Materials/M_ky_circle01_4x4G_nonD.uasset" 723
"../../../../../../SynergyStudios/Mechanics_Testing/v1_0/Content/FXVarietyPack/Textures/T_ky_noise.uasset" 724
"../../../../../../SynergyStudios/Mechanics_Testing/v1_0/Content/FXVarietyPack/Materials/M_ky_Fresnel.uasset" 725
"../../../../../../SynergyStudios/Mechanics_Testing/v1_0/Content/FXVarietyPack/Textures/T_ky_magicCircle020.uasset" 726
"../../../../../../SynergyStudios/Mechanics_Testing/v1_0/Content/FXVarietyPack/Materials/M_ky_magicCircle020.uasset" 727
"../../../../../../SynergyStudios/Mechanics_Testing/v1_0/Content/FXVarietyPack/Textures/T_ky_chantDecoC.uasset" 728
"../../../../../../SynergyStudios/Mechanics_Testing/v1_0/Content/FXVarietyPack/Materials/M_ky_chantDecoA.uasset" 729
"../../../../../../SynergyStudios/Mechanics_Testing/v1_0/Content/FXVarietyPack/Materials/MI_ky_chantDecoAc.uasset" 730
"../../../../../../SynergyStudios/Mechanics_Testing/v1_0/Content/FXVarietyPack/Materials/M_ky_base.uasset" 731
"../../../../../../SynergyStudios/Mechanics_Testing/v1_0/Content/FXVarietyPack/Textures/T_ky_circleDust.uasset" 732
"../../../../../../SynergyStudios/Mechanics_Testing/v1_0/Content/FXVarietyPack/Materials/MI_ky_circleDust.uasset" 733
"../../../../../../SynergyStudios/Mechanics_Testing/v1_0/Content/FXVarietyPack/Meshes/SM_ky_cylinderBend07.uasset" 734
"../../../../../../SynergyStudios/Mechanics_Testing/v1_0/Content/FXVarietyPack/Particles/P_ky_magicCircle1.uasset" 735
"../../../../../../SynergyStudios/Mechanics_Testing/v1_0/Content/FXVarietyPack/Blueprints/BP_ky_magicCircle_Target.uasset" 736
"../../../../../../SynergyStudios/Mechanics_Testing/v1_0/Content/FXVarietyPack/Blueprints/BP_ky_magicCircle1.uasset" 737
"../../../../../../SynergyStudios/Mechanics_Testing/v1_0/Content/FXVarietyPack/Blueprints/BP_MagicCircle_DayNight.uasset" 738
"../../../../../../SynergyStudios/Mechanics_Testing/v1_0/Content/MouseCharacter/Ch14_1001_Diffuse.uasset" 739
"../../../../../../SynergyStudios/Mechanics_Testing/v1_0/Content/MouseCharacter/Ch14_1001_Glossiness.uasset" 740
"../../../../../../SynergyStudios/Mechanics_Testing/v1_0/Content/MouseCharacter/Ch14_1001_Normal.uasset" 741
"../../../../../../SynergyStudios/Mechanics_Testing/v1_0/Content/MouseCharacter/Ch14_1001_Specular.uasset" 742
"../../../../../../SynergyStudios/Mechanics_Testing/v1_0/Content/MouseCharacter/Ch14_Body.uasset" 743
"../../../../../../SynergyStudios/Mechanics_Testing/v1_0/Content/MouseCharacter/T-Pose_PhysicsAsset.uasset" 744
"../../../../../../SynergyStudios/Mechanics_Testing/v1_0/Content/MouseCharacter/T-Pose.uasset" 745
"../../../../../../SynergyStudios/Mechanics_Testing/v1_0/Content/MouseCharacter/MouseCharacter.uasset" 746
"../../../../../../SynergyStudios/Mechanics_Testing/v1_0/Content/DarkGreen.uasset" 747
"../../../../../../SynergyStudios/Mechanics_Testing/v1_0/Content/LightGreen.uasset" 748
"../../../../../../SynergyStudios/Mechanics_Testing/v1_0/Content/Purple.uasset" 749
"../../../../../../SynergyStudios/Mechanics_Testing/v1_0/Content/Red.uasset" 750
"../../../../../../SynergyStudios/Mechanics_Testing/v1_0/Content/Teeth.uasset" 751
"../../../../../../SynergyStudios/Mechanics_Testing/v1_0/Content/Snake.uasset" 752
"../../../../../../SynergyStudios/Mechanics_Testing/v1_0/Content/Blueprints/FollowTree_BP.uasset" 753
"../../../../../../SynergyStudios/Mechanics_Testing/v1_0/Content/Tree_temp_climate_013.uasset" 754
"../../../../../../SynergyStudios/Mechanics_Testing/v1_0/Content/Blueprints/Tree_temp_climate_013.uasset" 755
"../../../../../../SynergyStudios/Mechanics_Testing/v1_0/Content/ThirdPersonBP/Blueprints/ThirdPersonGameMode.uasset" 756
"../../../../../../SynergyStudios/Mechanics_Testing/v1_0/Content/Levels/Mechanics_Testing_BuiltData.uasset" 757
"../../../Engine/Content/BasicShapes/BasicShapeMaterial.uasset" 758
"../../../../../../SynergyStudios/Mechanics_Testing/v1_0/Content/StarterContent/Textures/T_Metal_Copper_D.uasset" 759
"../../../../../../SynergyStudios/Mechanics_Testing/v1_0/Content/StarterContent/Materials/M_Metal_Copper.uasset" 760
"../../../../../../SynergyStudios/Mechanics_Testing/v1_0/Content/StarterContent/Textures/T_Tech_Panel_M.uasset" 761
"../../../../../../SynergyStudios/Mechanics_Testing/v1_0/Content/StarterContent/Textures/T_Tech_Panel_N.uasset" 762
"../../../../../../SynergyStudios/Mechanics_Testing/v1_0/Content/StarterContent/Materials/M_Tech_Panel.uasset" 763
"../../../../../../SynergyStudios/Mechanics_Testing/v1_0/Content/StarterContent/Architecture/Floor_400x400.uasset" 764
"../../../../../../SynergyStudios/Mechanics_Testing/v1_0/Content/StarterContent/Audio/Starter_Background_Cue.uasset" 765
"../../../../../../SynergyStudios/Mechanics_Testing/v1_0/Content/Levels/Mechanics_Testing.umap" 766
"../../../../../../SynergyStudios/Mechanics_Testing/v1_0/Content/StarterContent/Maps/Minimal_Default_BuiltData.uasset" 767
"../../../../../../SynergyStudios/Mechanics_Testing/v1_0/Content/StarterContent/Shapes/Push_Cube.uasset" 768
"../../../../../../SynergyStudios/Mechanics_Testing/v1_0/Content/StarterContent/Maps/Minimal_Default.umap" 769
"../../../../../../SynergyStudios/Mechanics_Testing/v1_0/Content/ThirdPersonBP/Blueprints/ThirdPersonCharacter.uasset" 770
"../../../../../../SynergyStudios/Mechanics_Testing/v1_0/Content/ThirdPersonBP/Maps/ThirdPersonExampleMap_BuiltData.uasset" 771
"../../../../../../SynergyStudios/Mechanics_Testing/v1_0/Content/Geometry/Meshes/CubeMaterial.uasset" 772
"../../../../../../SynergyStudios/Mechanics_Testing/v1_0/Content/Geometry/Meshes/1M_Cube.uasset" 773
"../../../../../../SynergyStudios/Mechanics_Testing/v1_0/Content/Geometry/Meshes/1M_Cube_Chamfer.uasset" 774
"../../../../../../SynergyStudios/Mechanics_Testing/v1_0/Content/Geometry/Meshes/TemplateFloor.uasset" 775
"../../../../../../SynergyStudios/Mechanics_Testing/v1_0/Content/ThirdPerson/Meshes/RampMaterial.uasset" 776
"../../../../../../SynergyStudios/Mechanics_Testing/v1_0/Content/ThirdPerson/Meshes/Bump_StaticMesh.uasset" 777
"../../../../../../SynergyStudios/Mechanics_Testing/v1_0/Content/ThirdPerson/Meshes/LeftArm_StaticMesh.uasset" 778
"../../../../../../SynergyStudios/Mechanics_Testing/v1_0/Content/ThirdPerson/Meshes/Linear_Stair_StaticMesh.uasset" 779
"../../../../../../SynergyStudios/Mechanics_Testing/v1_0/Content/ThirdPerson/Meshes/Ramp_StaticMesh.uasset" 780
"../../../../../../SynergyStudios/Mechanics_Testing/v1_0/Content/ThirdPerson/Meshes/RightArm_StaticMesh.uasset" 781
"../../../../../../SynergyStudios/Mechanics_Testing/v1_0/Content/ThirdPersonBP/Maps/ThirdPersonExampleMap.umap" 782
"../../../Engine/Content/Maps/Entry_BuiltData.uasset" 783
"../../../Engine/Content/Maps/Entry.umap" 784
